INFO:root: binance system is started at 2023-03-06 11:41
DEBUG:urllib3.connectionpool:Starting new HTTPS connection (1): fapi.binance.com:443
DEBUG:urllib3.connectionpool:https://fapi.binance.com:443 "GET /fapi/v1/trades?symbol=BTCUSDT HTTP/1.1" 200 None
DEBUG:urllib3.connectionpool:Starting new HTTPS connection (1): fapi.binance.com:443
DEBUG:urllib3.connectionpool:https://fapi.binance.com:443 "GET /fapi/v1/trades?symbol=BTCUSDT HTTP/1.1" 200 None
DEBUG:urllib3.connectionpool:Starting new HTTPS connection (1): fapi.binance.com:443
DEBUG:urllib3.connectionpool:https://fapi.binance.com:443 "GET /fapi/v1/trades?symbol=BTCUSDT HTTP/1.1" 200 None
DEBUG:urllib3.connectionpool:Starting new HTTPS connection (1): fapi.binance.com:443
DEBUG:urllib3.connectionpool:https://fapi.binance.com:443 "GET /fapi/v1/trades?symbol=BTCUSDT HTTP/1.1" 200 None
INFO:root:2023-03-06 11:41  -  2023-03-06 11:42 : preprocessing started
DEBUG:asyncio:Using selector: EpollSelector
INFO:root:2023-03-06 11:42  -  2023-03-06 11:42 : Loading into database completed successfully!!
DEBUG:urllib3.connectionpool:Starting new HTTPS connection (1): fapi.binance.com:443
DEBUG:urllib3.connectionpool:https://fapi.binance.com:443 "GET /fapi/v1/trades?symbol=BTCUSDT HTTP/1.1" 200 None
DEBUG:urllib3.connectionpool:Starting new HTTPS connection (1): fapi.binance.com:443
DEBUG:urllib3.connectionpool:https://fapi.binance.com:443 "GET /fapi/v1/trades?symbol=BTCUSDT HTTP/1.1" 200 None
DEBUG:urllib3.connectionpool:Starting new HTTPS connection (1): fapi.binance.com:443
DEBUG:urllib3.connectionpool:https://fapi.binance.com:443 "GET /fapi/v1/trades?symbol=BTCUSDT HTTP/1.1" 200 None
DEBUG:urllib3.connectionpool:Starting new HTTPS connection (1): fapi.binance.com:443
DEBUG:urllib3.connectionpool:https://fapi.binance.com:443 "GET /fapi/v1/trades?symbol=BTCUSDT HTTP/1.1" 200 None
DEBUG:urllib3.connectionpool:Starting new HTTPS connection (1): fapi.binance.com:443
DEBUG:urllib3.connectionpool:https://fapi.binance.com:443 "GET /fapi/v1/trades?symbol=BTCUSDT HTTP/1.1" 200 None
DEBUG:urllib3.connectionpool:Starting new HTTPS connection (1): fapi.binance.com:443
DEBUG:urllib3.connectionpool:https://fapi.binance.com:443 "GET /fapi/v1/trades?symbol=BTCUSDT HTTP/1.1" 200 None
INFO:root:2023-03-06 11:42  -  2023-03-06 11:43 : preprocessing started
DEBUG:asyncio:Using selector: EpollSelector
INFO:root:2023-03-06 11:43  -  2023-03-06 11:43 : Loading into database completed successfully!!
DEBUG:urllib3.connectionpool:Starting new HTTPS connection (1): fapi.binance.com:443
DEBUG:urllib3.connectionpool:https://fapi.binance.com:443 "GET /fapi/v1/trades?symbol=BTCUSDT HTTP/1.1" 200 None
DEBUG:urllib3.connectionpool:Starting new HTTPS connection (1): fapi.binance.com:443
DEBUG:urllib3.connectionpool:https://fapi.binance.com:443 "GET /fapi/v1/trades?symbol=BTCUSDT HTTP/1.1" 200 None
DEBUG:urllib3.connectionpool:Starting new HTTPS connection (1): fapi.binance.com:443
DEBUG:urllib3.connectionpool:https://fapi.binance.com:443 "GET /fapi/v1/trades?symbol=BTCUSDT HTTP/1.1" 200 None
DEBUG:urllib3.connectionpool:Starting new HTTPS connection (1): fapi.binance.com:443
DEBUG:urllib3.connectionpool:https://fapi.binance.com:443 "GET /fapi/v1/trades?symbol=BTCUSDT HTTP/1.1" 200 None
DEBUG:urllib3.connectionpool:Starting new HTTPS connection (1): fapi.binance.com:443
DEBUG:urllib3.connectionpool:https://fapi.binance.com:443 "GET /fapi/v1/trades?symbol=BTCUSDT HTTP/1.1" 200 None
INFO:root:2023-03-06 11:43  -  2023-03-06 11:44 : preprocessing started
DEBUG:asyncio:Using selector: EpollSelector
INFO:root:2023-03-06 11:44  -  2023-03-06 11:44 : Loading into database completed successfully!!
DEBUG:urllib3.connectionpool:Starting new HTTPS connection (1): fapi.binance.com:443
DEBUG:urllib3.connectionpool:https://fapi.binance.com:443 "GET /fapi/v1/trades?symbol=BTCUSDT HTTP/1.1" 200 None
DEBUG:urllib3.connectionpool:Starting new HTTPS connection (1): fapi.binance.com:443
DEBUG:urllib3.connectionpool:https://fapi.binance.com:443 "GET /fapi/v1/trades?symbol=BTCUSDT HTTP/1.1" 200 None
DEBUG:urllib3.connectionpool:Starting new HTTPS connection (1): fapi.binance.com:443
DEBUG:urllib3.connectionpool:https://fapi.binance.com:443 "GET /fapi/v1/trades?symbol=BTCUSDT HTTP/1.1" 200 None
DEBUG:urllib3.connectionpool:Starting new HTTPS connection (1): fapi.binance.com:443
DEBUG:urllib3.connectionpool:https://fapi.binance.com:443 "GET /fapi/v1/trades?symbol=BTCUSDT HTTP/1.1" 200 None
DEBUG:urllib3.connectionpool:Starting new HTTPS connection (1): fapi.binance.com:443
DEBUG:urllib3.connectionpool:https://fapi.binance.com:443 "GET /fapi/v1/trades?symbol=BTCUSDT HTTP/1.1" 200 None
DEBUG:urllib3.connectionpool:Starting new HTTPS connection (1): fapi.binance.com:443
DEBUG:urllib3.connectionpool:https://fapi.binance.com:443 "GET /fapi/v1/trades?symbol=BTCUSDT HTTP/1.1" 200 None
INFO:root:2023-03-06 11:44  -  2023-03-06 11:45 : preprocessing started
DEBUG:asyncio:Using selector: EpollSelector
INFO:root:2023-03-06 11:45  -  2023-03-06 11:45 : Loading into database completed successfully!!
DEBUG:urllib3.connectionpool:Starting new HTTPS connection (1): fapi.binance.com:443
DEBUG:urllib3.connectionpool:https://fapi.binance.com:443 "GET /fapi/v1/trades?symbol=BTCUSDT HTTP/1.1" 200 None
DEBUG:urllib3.connectionpool:Starting new HTTPS connection (1): fapi.binance.com:443
DEBUG:urllib3.connectionpool:https://fapi.binance.com:443 "GET /fapi/v1/trades?symbol=BTCUSDT HTTP/1.1" 200 None
DEBUG:urllib3.connectionpool:Starting new HTTPS connection (1): fapi.binance.com:443
DEBUG:urllib3.connectionpool:https://fapi.binance.com:443 "GET /fapi/v1/trades?symbol=BTCUSDT HTTP/1.1" 200 None
DEBUG:urllib3.connectionpool:Starting new HTTPS connection (1): fapi.binance.com:443
DEBUG:urllib3.connectionpool:https://fapi.binance.com:443 "GET /fapi/v1/trades?symbol=BTCUSDT HTTP/1.1" 200 None
DEBUG:urllib3.connectionpool:Starting new HTTPS connection (1): fapi.binance.com:443
DEBUG:urllib3.connectionpool:https://fapi.binance.com:443 "GET /fapi/v1/trades?symbol=BTCUSDT HTTP/1.1" 200 None
DEBUG:urllib3.connectionpool:Starting new HTTPS connection (1): fapi.binance.com:443
DEBUG:urllib3.connectionpool:https://fapi.binance.com:443 "GET /fapi/v1/trades?symbol=BTCUSDT HTTP/1.1" 200 None
INFO:root:2023-03-06 11:45  -  2023-03-06 11:46 : preprocessing started
DEBUG:asyncio:Using selector: EpollSelector
INFO:root:2023-03-06 11:46  -  2023-03-06 11:46 : Loading into database completed successfully!!
DEBUG:urllib3.connectionpool:Starting new HTTPS connection (1): fapi.binance.com:443
DEBUG:urllib3.connectionpool:https://fapi.binance.com:443 "GET /fapi/v1/trades?symbol=BTCUSDT HTTP/1.1" 200 None
DEBUG:urllib3.connectionpool:Starting new HTTPS connection (1): fapi.binance.com:443
DEBUG:urllib3.connectionpool:https://fapi.binance.com:443 "GET /fapi/v1/trades?symbol=BTCUSDT HTTP/1.1" 200 None
DEBUG:urllib3.connectionpool:Starting new HTTPS connection (1): fapi.binance.com:443
DEBUG:urllib3.connectionpool:https://fapi.binance.com:443 "GET /fapi/v1/trades?symbol=BTCUSDT HTTP/1.1" 200 None
DEBUG:urllib3.connectionpool:Starting new HTTPS connection (1): fapi.binance.com:443
DEBUG:urllib3.connectionpool:https://fapi.binance.com:443 "GET /fapi/v1/trades?symbol=BTCUSDT HTTP/1.1" 200 None
DEBUG:urllib3.connectionpool:Starting new HTTPS connection (1): fapi.binance.com:443
DEBUG:urllib3.connectionpool:https://fapi.binance.com:443 "GET /fapi/v1/trades?symbol=BTCUSDT HTTP/1.1" 200 None
DEBUG:urllib3.connectionpool:Starting new HTTPS connection (1): fapi.binance.com:443
DEBUG:urllib3.connectionpool:https://fapi.binance.com:443 "GET /fapi/v1/trades?symbol=BTCUSDT HTTP/1.1" 200 None
INFO:root:2023-03-06 11:46  -  2023-03-06 11:47 : preprocessing started
DEBUG:asyncio:Using selector: EpollSelector
INFO:root:2023-03-06 11:47  -  2023-03-06 11:47 : Loading into database completed successfully!!
DEBUG:urllib3.connectionpool:Starting new HTTPS connection (1): fapi.binance.com:443
DEBUG:urllib3.connectionpool:https://fapi.binance.com:443 "GET /fapi/v1/trades?symbol=BTCUSDT HTTP/1.1" 200 None
DEBUG:urllib3.connectionpool:Starting new HTTPS connection (1): fapi.binance.com:443
DEBUG:urllib3.connectionpool:https://fapi.binance.com:443 "GET /fapi/v1/trades?symbol=BTCUSDT HTTP/1.1" 200 None
DEBUG:urllib3.connectionpool:Starting new HTTPS connection (1): fapi.binance.com:443
DEBUG:urllib3.connectionpool:https://fapi.binance.com:443 "GET /fapi/v1/trades?symbol=BTCUSDT HTTP/1.1" 200 None
DEBUG:urllib3.connectionpool:Starting new HTTPS connection (1): fapi.binance.com:443
DEBUG:urllib3.connectionpool:https://fapi.binance.com:443 "GET /fapi/v1/trades?symbol=BTCUSDT HTTP/1.1" 200 None
DEBUG:urllib3.connectionpool:Starting new HTTPS connection (1): fapi.binance.com:443
DEBUG:urllib3.connectionpool:https://fapi.binance.com:443 "GET /fapi/v1/trades?symbol=BTCUSDT HTTP/1.1" 200 None
INFO:root:2023-03-06 11:47  -  2023-03-06 11:48 : preprocessing started
DEBUG:asyncio:Using selector: EpollSelector
INFO:root:2023-03-06 11:48  -  2023-03-06 11:48 : Loading into database completed successfully!!
DEBUG:urllib3.connectionpool:Starting new HTTPS connection (1): fapi.binance.com:443
DEBUG:urllib3.connectionpool:https://fapi.binance.com:443 "GET /fapi/v1/trades?symbol=BTCUSDT HTTP/1.1" 200 None
DEBUG:urllib3.connectionpool:Starting new HTTPS connection (1): fapi.binance.com:443
DEBUG:urllib3.connectionpool:https://fapi.binance.com:443 "GET /fapi/v1/trades?symbol=BTCUSDT HTTP/1.1" 200 None
DEBUG:urllib3.connectionpool:Starting new HTTPS connection (1): fapi.binance.com:443
DEBUG:urllib3.connectionpool:https://fapi.binance.com:443 "GET /fapi/v1/trades?symbol=BTCUSDT HTTP/1.1" 200 None
DEBUG:urllib3.connectionpool:Starting new HTTPS connection (1): fapi.binance.com:443
DEBUG:urllib3.connectionpool:https://fapi.binance.com:443 "GET /fapi/v1/trades?symbol=BTCUSDT HTTP/1.1" 200 None
DEBUG:urllib3.connectionpool:Starting new HTTPS connection (1): fapi.binance.com:443
DEBUG:urllib3.connectionpool:https://fapi.binance.com:443 "GET /fapi/v1/trades?symbol=BTCUSDT HTTP/1.1" 200 None
DEBUG:urllib3.connectionpool:Starting new HTTPS connection (1): fapi.binance.com:443
DEBUG:urllib3.connectionpool:https://fapi.binance.com:443 "GET /fapi/v1/trades?symbol=BTCUSDT HTTP/1.1" 200 None
INFO:root:2023-03-06 11:48  -  2023-03-06 11:49 : preprocessing started
DEBUG:asyncio:Using selector: EpollSelector
INFO:root:2023-03-06 11:49  -  2023-03-06 11:49 : Loading into database completed successfully!!
DEBUG:urllib3.connectionpool:Starting new HTTPS connection (1): fapi.binance.com:443
DEBUG:urllib3.connectionpool:https://fapi.binance.com:443 "GET /fapi/v1/trades?symbol=BTCUSDT HTTP/1.1" 200 None
DEBUG:urllib3.connectionpool:Starting new HTTPS connection (1): fapi.binance.com:443
DEBUG:urllib3.connectionpool:https://fapi.binance.com:443 "GET /fapi/v1/trades?symbol=BTCUSDT HTTP/1.1" 200 None
DEBUG:urllib3.connectionpool:Starting new HTTPS connection (1): fapi.binance.com:443
DEBUG:urllib3.connectionpool:https://fapi.binance.com:443 "GET /fapi/v1/trades?symbol=BTCUSDT HTTP/1.1" 200 None
DEBUG:urllib3.connectionpool:Starting new HTTPS connection (1): fapi.binance.com:443
DEBUG:urllib3.connectionpool:https://fapi.binance.com:443 "GET /fapi/v1/trades?symbol=BTCUSDT HTTP/1.1" 200 None
DEBUG:urllib3.connectionpool:Starting new HTTPS connection (1): fapi.binance.com:443
DEBUG:urllib3.connectionpool:https://fapi.binance.com:443 "GET /fapi/v1/trades?symbol=BTCUSDT HTTP/1.1" 200 None
DEBUG:urllib3.connectionpool:Starting new HTTPS connection (1): fapi.binance.com:443
DEBUG:urllib3.connectionpool:https://fapi.binance.com:443 "GET /fapi/v1/trades?symbol=BTCUSDT HTTP/1.1" 200 None
INFO:root:2023-03-06 11:49  -  2023-03-06 11:50 : preprocessing started
DEBUG:asyncio:Using selector: EpollSelector
INFO:root:2023-03-06 11:50  -  2023-03-06 11:50 : Loading into database completed successfully!!
DEBUG:urllib3.connectionpool:Starting new HTTPS connection (1): fapi.binance.com:443
DEBUG:urllib3.connectionpool:https://fapi.binance.com:443 "GET /fapi/v1/trades?symbol=BTCUSDT HTTP/1.1" 200 None
DEBUG:urllib3.connectionpool:Starting new HTTPS connection (1): fapi.binance.com:443
DEBUG:urllib3.connectionpool:https://fapi.binance.com:443 "GET /fapi/v1/trades?symbol=BTCUSDT HTTP/1.1" 200 None
DEBUG:urllib3.connectionpool:Starting new HTTPS connection (1): fapi.binance.com:443
DEBUG:urllib3.connectionpool:https://fapi.binance.com:443 "GET /fapi/v1/trades?symbol=BTCUSDT HTTP/1.1" 200 None
DEBUG:urllib3.connectionpool:Starting new HTTPS connection (1): fapi.binance.com:443
DEBUG:urllib3.connectionpool:https://fapi.binance.com:443 "GET /fapi/v1/trades?symbol=BTCUSDT HTTP/1.1" 200 None
DEBUG:urllib3.connectionpool:Starting new HTTPS connection (1): fapi.binance.com:443
DEBUG:urllib3.connectionpool:https://fapi.binance.com:443 "GET /fapi/v1/trades?symbol=BTCUSDT HTTP/1.1" 200 None
INFO:root:2023-03-06 11:50  -  2023-03-06 11:51 : preprocessing started
DEBUG:asyncio:Using selector: EpollSelector
INFO:root:2023-03-06 11:51  -  2023-03-06 11:51 : Loading into database completed successfully!!
DEBUG:urllib3.connectionpool:Starting new HTTPS connection (1): fapi.binance.com:443
DEBUG:urllib3.connectionpool:https://fapi.binance.com:443 "GET /fapi/v1/trades?symbol=BTCUSDT HTTP/1.1" 200 None
DEBUG:urllib3.connectionpool:Starting new HTTPS connection (1): fapi.binance.com:443
DEBUG:urllib3.connectionpool:https://fapi.binance.com:443 "GET /fapi/v1/trades?symbol=BTCUSDT HTTP/1.1" 200 None
