INFO:root: bybit system is started at 2023-03-06 14:11
INFO:root: bybit system is started at 2023-03-06 14:12
INFO:root:2023-03-06 14:12  -  2023-03-06 14:13 : preprocessing started
INFO:root:Mongo database connected!! 
INFO:root:Mongo database disconnected!! 
INFO:root:2023-03-06 14:12  -  2023-03-06 14:13 : Loading into database completed successfully!!
INFO:root:2023-03-06 14:13  -  2023-03-06 14:14 : preprocessing started
INFO:root:Mongo database connected!! 
INFO:root:Mongo database disconnected!! 
INFO:root:2023-03-06 14:13  -  2023-03-06 14:14 : Loading into database completed successfully!!
INFO:root:2023-03-06 14:14  -  2023-03-06 14:15 : preprocessing started
INFO:root:Mongo database connected!! 
INFO:root:Mongo database disconnected!! 
INFO:root:2023-03-06 14:14  -  2023-03-06 14:15 : Loading into database completed successfully!!
INFO:root:2023-03-06 14:15  -  2023-03-06 14:16 : preprocessing started
INFO:root:Mongo database connected!! 
INFO:root:Mongo database disconnected!! 
INFO:root:2023-03-06 14:15  -  2023-03-06 14:16 : Loading into database completed successfully!!
INFO:root:2023-03-06 14:16  -  2023-03-06 14:17 : preprocessing started
INFO:root:Mongo database connected!! 
INFO:root:Mongo database disconnected!! 
INFO:root:2023-03-06 14:16  -  2023-03-06 14:17 : Loading into database completed successfully!!
INFO:root:2023-03-06 14:17  -  2023-03-06 14:18 : preprocessing started
INFO:root:Mongo database connected!! 
INFO:root:Mongo database disconnected!! 
INFO:root:2023-03-06 14:17  -  2023-03-06 14:18 : Loading into database completed successfully!!
INFO:root:2023-03-06 14:18  -  2023-03-06 14:19 : preprocessing started
INFO:root:Mongo database connected!! 
INFO:root:Mongo database disconnected!! 
INFO:root:2023-03-06 14:18  -  2023-03-06 14:19 : Loading into database completed successfully!!
INFO:root:2023-03-06 14:19  -  2023-03-06 14:20 : preprocessing started
INFO:root:Mongo database connected!! 
INFO:root:Mongo database disconnected!! 
INFO:root:2023-03-06 14:19  -  2023-03-06 14:20 : Loading into database completed successfully!!
INFO:root:2023-03-06 14:20  -  2023-03-06 14:21 : preprocessing started
INFO:root:Mongo database connected!! 
INFO:root:Mongo database disconnected!! 
INFO:root:2023-03-06 14:20  -  2023-03-06 14:21 : Loading into database completed successfully!!
INFO:root:2023-03-06 14:21  -  2023-03-06 14:22 : preprocessing started
INFO:root:Mongo database connected!! 
INFO:root:Mongo database disconnected!! 
INFO:root:2023-03-06 14:21  -  2023-03-06 14:22 : Loading into database completed successfully!!
INFO:root:2023-03-06 14:22  -  2023-03-06 14:23 : preprocessing started
INFO:root:Mongo database connected!! 
INFO:root:Mongo database disconnected!! 
INFO:root:2023-03-06 14:22  -  2023-03-06 14:23 : Loading into database completed successfully!!
INFO:root:2023-03-06 14:23  -  2023-03-06 14:24 : preprocessing started
INFO:root:Mongo database connected!! 
INFO:root:Mongo database disconnected!! 
INFO:root:2023-03-06 14:23  -  2023-03-06 14:24 : Loading into database completed successfully!!
INFO:root:2023-03-06 14:24  -  2023-03-06 14:25 : preprocessing started
INFO:root:Mongo database connected!! 
INFO:root:Mongo database disconnected!! 
INFO:root:2023-03-06 14:24  -  2023-03-06 14:25 : Loading into database completed successfully!!
INFO:root:2023-03-06 14:25  -  2023-03-06 14:26 : preprocessing started
INFO:root:Mongo database connected!! 
INFO:root:Mongo database disconnected!! 
INFO:root:2023-03-06 14:25  -  2023-03-06 14:26 : Loading into database completed successfully!!
INFO:root:2023-03-06 14:26  -  2023-03-06 14:27 : preprocessing started
INFO:root:Mongo database connected!! 
INFO:root:Mongo database disconnected!! 
INFO:root:2023-03-06 14:26  -  2023-03-06 14:27 : Loading into database completed successfully!!
INFO:root:2023-03-06 14:27  -  2023-03-06 14:28 : preprocessing started
INFO:root:Mongo database connected!! 
INFO:root:Mongo database disconnected!! 
INFO:root:2023-03-06 14:27  -  2023-03-06 14:28 : Loading into database completed successfully!!
INFO:root:2023-03-06 14:28  -  2023-03-06 14:29 : preprocessing started
INFO:root:Mongo database connected!! 
INFO:root:Mongo database disconnected!! 
INFO:root:2023-03-06 14:28  -  2023-03-06 14:29 : Loading into database completed successfully!!
INFO:root:2023-03-06 14:29  -  2023-03-06 14:30 : preprocessing started
INFO:root:Mongo database connected!! 
INFO:root:Mongo database disconnected!! 
INFO:root:2023-03-06 14:29  -  2023-03-06 14:30 : Loading into database completed successfully!!
INFO:root:2023-03-06 14:30  -  2023-03-06 14:31 : preprocessing started
INFO:root:Mongo database connected!! 
INFO:root:Mongo database disconnected!! 
INFO:root:2023-03-06 14:30  -  2023-03-06 14:31 : Loading into database completed successfully!!
INFO:root:2023-03-06 14:31  -  2023-03-06 14:32 : preprocessing started
INFO:root:Mongo database connected!! 
INFO:root:Mongo database disconnected!! 
INFO:root:2023-03-06 14:31  -  2023-03-06 14:32 : Loading into database completed successfully!!
INFO:root:2023-03-06 14:32  -  2023-03-06 14:33 : preprocessing started
INFO:root:Mongo database connected!! 
INFO:root:Mongo database disconnected!! 
INFO:root:2023-03-06 14:32  -  2023-03-06 14:33 : Loading into database completed successfully!!
INFO:root:2023-03-06 14:33  -  2023-03-06 14:34 : preprocessing started
INFO:root:Mongo database connected!! 
INFO:root:Mongo database disconnected!! 
INFO:root:2023-03-06 14:33  -  2023-03-06 14:34 : Loading into database completed successfully!!
INFO:root:2023-03-06 14:34  -  2023-03-06 14:35 : preprocessing started
INFO:root:Mongo database connected!! 
INFO:root:Mongo database disconnected!! 
INFO:root:2023-03-06 14:34  -  2023-03-06 14:35 : Loading into database completed successfully!!
INFO:root:2023-03-06 14:35  -  2023-03-06 14:36 : preprocessing started
INFO:root:Mongo database connected!! 
INFO:root:Mongo database disconnected!! 
INFO:root:2023-03-06 14:35  -  2023-03-06 14:36 : Loading into database completed successfully!!
INFO:root:2023-03-06 14:36  -  2023-03-06 14:37 : preprocessing started
INFO:root:Mongo database connected!! 
INFO:root:Mongo database disconnected!! 
INFO:root:2023-03-06 14:36  -  2023-03-06 14:37 : Loading into database completed successfully!!
INFO:root:2023-03-06 14:37  -  2023-03-06 14:38 : preprocessing started
INFO:root:Mongo database connected!! 
INFO:root:Mongo database disconnected!! 
INFO:root:2023-03-06 14:37  -  2023-03-06 14:38 : Loading into database completed successfully!!
INFO:root:2023-03-06 14:38  -  2023-03-06 14:39 : preprocessing started
INFO:root:Mongo database connected!! 
INFO:root:Mongo database disconnected!! 
INFO:root:2023-03-06 14:38  -  2023-03-06 14:39 : Loading into database completed successfully!!
INFO:root:2023-03-06 14:39  -  2023-03-06 14:40 : preprocessing started
INFO:root:Mongo database connected!! 
INFO:root:Mongo database disconnected!! 
INFO:root:2023-03-06 14:39  -  2023-03-06 14:40 : Loading into database completed successfully!!
INFO:root:2023-03-06 14:40  -  2023-03-06 14:41 : preprocessing started
INFO:root:Mongo database connected!! 
INFO:root:Mongo database disconnected!! 
INFO:root:2023-03-06 14:40  -  2023-03-06 14:41 : Loading into database completed successfully!!
INFO:root:2023-03-06 14:41  -  2023-03-06 14:42 : preprocessing started
INFO:root:Mongo database connected!! 
INFO:root:Mongo database disconnected!! 
INFO:root:2023-03-06 14:41  -  2023-03-06 14:42 : Loading into database completed successfully!!
INFO:root:2023-03-06 14:42  -  2023-03-06 14:43 : preprocessing started
INFO:root:Mongo database connected!! 
INFO:root:Mongo database disconnected!! 
INFO:root:2023-03-06 14:42  -  2023-03-06 14:43 : Loading into database completed successfully!!
INFO:root:2023-03-06 14:43  -  2023-03-06 14:44 : preprocessing started
INFO:root:Mongo database connected!! 
INFO:root:Mongo database disconnected!! 
INFO:root:2023-03-06 14:43  -  2023-03-06 14:44 : Loading into database completed successfully!!
INFO:root:2023-03-06 14:44  -  2023-03-06 14:45 : preprocessing started
INFO:root:Mongo database connected!! 
INFO:root:Mongo database disconnected!! 
INFO:root:2023-03-06 14:44  -  2023-03-06 14:45 : Loading into database completed successfully!!
INFO:root:2023-03-06 14:45  -  2023-03-06 14:46 : preprocessing started
INFO:root:Mongo database connected!! 
INFO:root:Mongo database disconnected!! 
INFO:root:2023-03-06 14:45  -  2023-03-06 14:46 : Loading into database completed successfully!!
INFO:root:2023-03-06 14:46  -  2023-03-06 14:47 : preprocessing started
INFO:root:Mongo database connected!! 
INFO:root:Mongo database disconnected!! 
INFO:root:2023-03-06 14:46  -  2023-03-06 14:47 : Loading into database completed successfully!!
INFO:root:2023-03-06 14:47  -  2023-03-06 14:48 : preprocessing started
INFO:root:Mongo database connected!! 
INFO:root:Mongo database disconnected!! 
INFO:root:2023-03-06 14:47  -  2023-03-06 14:48 : Loading into database completed successfully!!
INFO:root:2023-03-06 14:48  -  2023-03-06 14:49 : preprocessing started
INFO:root:Mongo database connected!! 
INFO:root:Mongo database disconnected!! 
INFO:root:2023-03-06 14:48  -  2023-03-06 14:49 : Loading into database completed successfully!!
INFO:root:2023-03-06 14:49  -  2023-03-06 14:50 : preprocessing started
INFO:root:Mongo database connected!! 
INFO:root:Mongo database disconnected!! 
INFO:root:2023-03-06 14:49  -  2023-03-06 14:50 : Loading into database completed successfully!!
INFO:root:2023-03-06 14:50  -  2023-03-06 14:51 : preprocessing started
INFO:root:Mongo database connected!! 
INFO:root:Mongo database disconnected!! 
INFO:root:2023-03-06 14:50  -  2023-03-06 14:51 : Loading into database completed successfully!!
INFO:root:2023-03-06 14:51  -  2023-03-06 14:52 : preprocessing started
INFO:root:Mongo database connected!! 
INFO:root:Mongo database disconnected!! 
INFO:root:2023-03-06 14:51  -  2023-03-06 14:52 : Loading into database completed successfully!!
INFO:root:2023-03-06 14:52  -  2023-03-06 14:53 : preprocessing started
INFO:root:Mongo database connected!! 
INFO:root:Mongo database disconnected!! 
INFO:root:2023-03-06 14:52  -  2023-03-06 14:53 : Loading into database completed successfully!!
INFO:root:2023-03-06 14:53  -  2023-03-06 14:54 : preprocessing started
INFO:root:Mongo database connected!! 
INFO:root:Mongo database disconnected!! 
INFO:root:2023-03-06 14:53  -  2023-03-06 14:54 : Loading into database completed successfully!!
INFO:root:2023-03-06 14:54  -  2023-03-06 14:55 : preprocessing started
INFO:root:Mongo database connected!! 
INFO:root:Mongo database disconnected!! 
INFO:root:2023-03-06 14:54  -  2023-03-06 14:55 : Loading into database completed successfully!!
INFO:root:2023-03-06 14:55  -  2023-03-06 14:56 : preprocessing started
INFO:root:Mongo database connected!! 
INFO:root:Mongo database disconnected!! 
INFO:root:2023-03-06 14:55  -  2023-03-06 14:56 : Loading into database completed successfully!!
INFO:root:2023-03-06 14:56  -  2023-03-06 14:57 : preprocessing started
INFO:root:Mongo database connected!! 
INFO:root:Mongo database disconnected!! 
INFO:root:2023-03-06 14:56  -  2023-03-06 14:57 : Loading into database completed successfully!!
INFO:root:2023-03-06 14:57  -  2023-03-06 14:58 : preprocessing started
INFO:root:Mongo database connected!! 
INFO:root:Mongo database disconnected!! 
INFO:root:2023-03-06 14:57  -  2023-03-06 14:58 : Loading into database completed successfully!!
INFO:root:2023-03-06 14:58  -  2023-03-06 14:59 : preprocessing started
INFO:root:Mongo database connected!! 
INFO:root:Mongo database disconnected!! 
INFO:root:2023-03-06 14:58  -  2023-03-06 14:59 : Loading into database completed successfully!!
INFO:root:2023-03-06 14:59  -  2023-03-06 15:00 : preprocessing started
INFO:root:Mongo database connected!! 
INFO:root:Mongo database disconnected!! 
INFO:root:2023-03-06 14:59  -  2023-03-06 15:00 : Loading into database completed successfully!!
INFO:root:2023-03-06 15:00  -  2023-03-06 15:01 : preprocessing started
INFO:root:Mongo database connected!! 
INFO:root:Mongo database disconnected!! 
INFO:root:2023-03-06 15:00  -  2023-03-06 15:01 : Loading into database completed successfully!!
INFO:root:2023-03-06 15:01  -  2023-03-06 15:02 : preprocessing started
INFO:root:Mongo database connected!! 
INFO:root:Mongo database disconnected!! 
INFO:root:2023-03-06 15:01  -  2023-03-06 15:02 : Loading into database completed successfully!!
INFO:root:2023-03-06 15:02  -  2023-03-06 15:03 : preprocessing started
INFO:root:Mongo database connected!! 
INFO:root:Mongo database disconnected!! 
INFO:root:2023-03-06 15:02  -  2023-03-06 15:03 : Loading into database completed successfully!!
INFO:root:2023-03-06 15:03  -  2023-03-06 15:04 : preprocessing started
INFO:root:Mongo database connected!! 
INFO:root:Mongo database disconnected!! 
INFO:root:2023-03-06 15:03  -  2023-03-06 15:04 : Loading into database completed successfully!!
INFO:root:2023-03-06 15:04  -  2023-03-06 15:05 : preprocessing started
INFO:root:Mongo database connected!! 
INFO:root:Mongo database disconnected!! 
INFO:root:2023-03-06 15:04  -  2023-03-06 15:05 : Loading into database completed successfully!!
INFO:root:2023-03-06 15:05  -  2023-03-06 15:06 : preprocessing started
INFO:root:Mongo database connected!! 
INFO:root:Mongo database disconnected!! 
INFO:root:2023-03-06 15:05  -  2023-03-06 15:06 : Loading into database completed successfully!!
INFO:root:2023-03-06 15:06  -  2023-03-06 15:07 : preprocessing started
INFO:root:Mongo database connected!! 
INFO:root:Mongo database disconnected!! 
INFO:root:2023-03-06 15:06  -  2023-03-06 15:07 : Loading into database completed successfully!!
INFO:root:2023-03-06 15:07  -  2023-03-06 15:08 : preprocessing started
INFO:root:Mongo database connected!! 
INFO:root:Mongo database disconnected!! 
INFO:root:2023-03-06 15:07  -  2023-03-06 15:08 : Loading into database completed successfully!!
INFO:root:2023-03-06 15:08  -  2023-03-06 15:09 : preprocessing started
INFO:root:Mongo database connected!! 
INFO:root:Mongo database disconnected!! 
INFO:root:2023-03-06 15:08  -  2023-03-06 15:09 : Loading into database completed successfully!!
INFO:root:2023-03-06 15:09  -  2023-03-06 15:10 : preprocessing started
INFO:root:Mongo database connected!! 
INFO:root:Mongo database disconnected!! 
INFO:root:2023-03-06 15:09  -  2023-03-06 15:10 : Loading into database completed successfully!!
INFO:root:2023-03-06 15:10  -  2023-03-06 15:11 : preprocessing started
INFO:root:Mongo database connected!! 
INFO:root:Mongo database disconnected!! 
INFO:root:2023-03-06 15:10  -  2023-03-06 15:11 : Loading into database completed successfully!!
INFO:root:2023-03-06 15:11  -  2023-03-06 15:12 : preprocessing started
INFO:root:Mongo database connected!! 
INFO:root:Mongo database disconnected!! 
INFO:root:2023-03-06 15:11  -  2023-03-06 15:12 : Loading into database completed successfully!!
INFO:root:2023-03-06 15:12  -  2023-03-06 15:13 : preprocessing started
INFO:root:Mongo database connected!! 
INFO:root:Mongo database disconnected!! 
INFO:root:2023-03-06 15:12  -  2023-03-06 15:13 : Loading into database completed successfully!!
INFO:root:2023-03-06 15:13  -  2023-03-06 15:14 : preprocessing started
INFO:root:Mongo database connected!! 
INFO:root:Mongo database disconnected!! 
INFO:root:2023-03-06 15:13  -  2023-03-06 15:14 : Loading into database completed successfully!!
INFO:root:2023-03-06 15:14  -  2023-03-06 15:15 : preprocessing started
INFO:root:Mongo database connected!! 
INFO:root:Mongo database disconnected!! 
INFO:root:2023-03-06 15:14  -  2023-03-06 15:15 : Loading into database completed successfully!!
INFO:root:2023-03-06 15:15  -  2023-03-06 15:16 : preprocessing started
INFO:root:Mongo database connected!! 
INFO:root:Mongo database disconnected!! 
INFO:root:2023-03-06 15:15  -  2023-03-06 15:16 : Loading into database completed successfully!!
INFO:root:2023-03-06 15:16  -  2023-03-06 15:17 : preprocessing started
INFO:root:Mongo database connected!! 
INFO:root:Mongo database disconnected!! 
INFO:root:2023-03-06 15:16  -  2023-03-06 15:17 : Loading into database completed successfully!!
INFO:root:2023-03-06 15:17  -  2023-03-06 15:18 : preprocessing started
INFO:root:Mongo database connected!! 
INFO:root:Mongo database disconnected!! 
INFO:root:2023-03-06 15:17  -  2023-03-06 15:18 : Loading into database completed successfully!!
INFO:root:2023-03-06 15:18  -  2023-03-06 15:19 : preprocessing started
INFO:root:Mongo database connected!! 
INFO:root:Mongo database disconnected!! 
INFO:root:2023-03-06 15:18  -  2023-03-06 15:19 : Loading into database completed successfully!!
INFO:root:2023-03-06 15:19  -  2023-03-06 15:20 : preprocessing started
INFO:root:Mongo database connected!! 
INFO:root:Mongo database disconnected!! 
INFO:root:2023-03-06 15:19  -  2023-03-06 15:20 : Loading into database completed successfully!!
INFO:root:2023-03-06 15:20  -  2023-03-06 15:21 : preprocessing started
INFO:root:Mongo database connected!! 
INFO:root:Mongo database disconnected!! 
INFO:root:2023-03-06 15:20  -  2023-03-06 15:21 : Loading into database completed successfully!!
INFO:root:2023-03-06 15:21  -  2023-03-06 15:22 : preprocessing started
INFO:root:Mongo database connected!! 
INFO:root:Mongo database disconnected!! 
INFO:root:2023-03-06 15:21  -  2023-03-06 15:22 : Loading into database completed successfully!!
INFO:root:2023-03-06 15:22  -  2023-03-06 15:23 : preprocessing started
INFO:root:Mongo database connected!! 
INFO:root:Mongo database disconnected!! 
INFO:root:2023-03-06 15:22  -  2023-03-06 15:23 : Loading into database completed successfully!!
INFO:root:2023-03-06 15:23  -  2023-03-06 15:24 : preprocessing started
INFO:root:Mongo database connected!! 
INFO:root:Mongo database disconnected!! 
INFO:root:2023-03-06 15:23  -  2023-03-06 15:24 : Loading into database completed successfully!!
INFO:root:2023-03-06 15:24  -  2023-03-06 15:25 : preprocessing started
INFO:root:Mongo database connected!! 
INFO:root:Mongo database disconnected!! 
INFO:root:2023-03-06 15:24  -  2023-03-06 15:25 : Loading into database completed successfully!!
INFO:root:2023-03-06 15:25  -  2023-03-06 15:26 : preprocessing started
INFO:root:Mongo database connected!! 
INFO:root:Mongo database disconnected!! 
INFO:root:2023-03-06 15:25  -  2023-03-06 15:26 : Loading into database completed successfully!!
INFO:root:2023-03-06 15:26  -  2023-03-06 15:27 : preprocessing started
INFO:root:Mongo database connected!! 
INFO:root:Mongo database disconnected!! 
INFO:root:2023-03-06 15:26  -  2023-03-06 15:27 : Loading into database completed successfully!!
INFO:root:2023-03-06 15:27  -  2023-03-06 15:28 : preprocessing started
INFO:root:Mongo database connected!! 
INFO:root:Mongo database disconnected!! 
INFO:root:2023-03-06 15:27  -  2023-03-06 15:28 : Loading into database completed successfully!!
INFO:root:2023-03-06 15:28  -  2023-03-06 15:29 : preprocessing started
INFO:root:Mongo database connected!! 
INFO:root:Mongo database disconnected!! 
INFO:root:2023-03-06 15:28  -  2023-03-06 15:29 : Loading into database completed successfully!!
INFO:root:2023-03-06 15:29  -  2023-03-06 15:30 : preprocessing started
INFO:root:Mongo database connected!! 
INFO:root:Mongo database disconnected!! 
INFO:root:2023-03-06 15:29  -  2023-03-06 15:30 : Loading into database completed successfully!!
INFO:root:2023-03-06 15:30  -  2023-03-06 15:31 : preprocessing started
INFO:root:Mongo database connected!! 
INFO:root:Mongo database disconnected!! 
INFO:root:2023-03-06 15:30  -  2023-03-06 15:31 : Loading into database completed successfully!!
INFO:root:2023-03-06 15:31  -  2023-03-06 15:32 : preprocessing started
INFO:root:Mongo database connected!! 
INFO:root:Mongo database disconnected!! 
INFO:root:2023-03-06 15:31  -  2023-03-06 15:32 : Loading into database completed successfully!!
INFO:root:2023-03-06 15:32  -  2023-03-06 15:33 : preprocessing started
INFO:root:Mongo database connected!! 
INFO:root:Mongo database disconnected!! 
INFO:root:2023-03-06 15:32  -  2023-03-06 15:33 : Loading into database completed successfully!!
INFO:root:2023-03-06 15:33  -  2023-03-06 15:34 : preprocessing started
INFO:root:Mongo database connected!! 
INFO:root:Mongo database disconnected!! 
INFO:root:2023-03-06 15:33  -  2023-03-06 15:34 : Loading into database completed successfully!!
INFO:root:2023-03-06 15:34  -  2023-03-06 15:35 : preprocessing started
INFO:root:Mongo database connected!! 
INFO:root:Mongo database disconnected!! 
INFO:root:2023-03-06 15:34  -  2023-03-06 15:35 : Loading into database completed successfully!!
INFO:root:2023-03-06 15:35  -  2023-03-06 15:36 : preprocessing started
INFO:root:Mongo database connected!! 
INFO:root:Mongo database disconnected!! 
INFO:root:2023-03-06 15:35  -  2023-03-06 15:36 : Loading into database completed successfully!!
INFO:root:2023-03-06 15:36  -  2023-03-06 15:37 : preprocessing started
INFO:root:Mongo database connected!! 
INFO:root:Mongo database disconnected!! 
INFO:root:2023-03-06 15:36  -  2023-03-06 15:37 : Loading into database completed successfully!!
INFO:root:2023-03-06 15:37  -  2023-03-06 15:38 : preprocessing started
INFO:root:Mongo database connected!! 
INFO:root:Mongo database disconnected!! 
INFO:root:2023-03-06 15:37  -  2023-03-06 15:38 : Loading into database completed successfully!!
INFO:root:2023-03-06 15:38  -  2023-03-06 15:39 : preprocessing started
INFO:root:Mongo database connected!! 
INFO:root:Mongo database disconnected!! 
INFO:root:2023-03-06 15:38  -  2023-03-06 15:39 : Loading into database completed successfully!!
INFO:root:2023-03-06 15:39  -  2023-03-06 15:40 : preprocessing started
INFO:root:Mongo database connected!! 
INFO:root:Mongo database disconnected!! 
INFO:root:2023-03-06 15:39  -  2023-03-06 15:40 : Loading into database completed successfully!!
INFO:root:2023-03-06 15:40  -  2023-03-06 15:41 : preprocessing started
INFO:root:Mongo database connected!! 
INFO:root:Mongo database disconnected!! 
INFO:root:2023-03-06 15:40  -  2023-03-06 15:41 : Loading into database completed successfully!!
INFO:root:2023-03-06 15:41  -  2023-03-06 15:42 : preprocessing started
INFO:root:Mongo database connected!! 
INFO:root:Mongo database disconnected!! 
INFO:root:2023-03-06 15:41  -  2023-03-06 15:42 : Loading into database completed successfully!!
INFO:root:2023-03-06 15:42  -  2023-03-06 15:43 : preprocessing started
INFO:root:Mongo database connected!! 
INFO:root:Mongo database disconnected!! 
INFO:root:2023-03-06 15:42  -  2023-03-06 15:43 : Loading into database completed successfully!!
INFO:root:2023-03-06 15:43  -  2023-03-06 15:44 : preprocessing started
INFO:root:Mongo database connected!! 
INFO:root:Mongo database disconnected!! 
INFO:root:2023-03-06 15:43  -  2023-03-06 15:44 : Loading into database completed successfully!!
INFO:root:2023-03-06 15:44  -  2023-03-06 15:45 : preprocessing started
INFO:root:Mongo database connected!! 
INFO:root:Mongo database disconnected!! 
INFO:root:2023-03-06 15:44  -  2023-03-06 15:45 : Loading into database completed successfully!!
