INFO:root:concatenation function is started!!
INFO:root:concatenation function is finished!!
INFO:root:concatenation function is started!!
INFO:root:concatenation function is finished!!
INFO:root:concatenation function is started!!
INFO:root:concatenation function is finished!!
INFO:root:concatenation function is started!!
INFO:root:concatenation function is finished!!
INFO:root:2023-03-08 05:57  -  2023-03-08 05:58 : preprocessing started
INFO:root:2023-03-08 05:57  -  2023-03-08 05:58 : preprocessing started
INFO:root:seperate_data function is started!!
INFO:root:separate function is started!!
INFO:root:Mongo database connected!! 
INFO:root:Mongo database disconnected!! 
INFO:root:2023-03-08 05:57  -  2023-03-08 05:58 : Loading into database completed successfully!!
INFO:root:concatenation function is started!!
INFO:root:concatenation function is finished!!
INFO:root:concatenation function is started!!
INFO:root:concatenation function is finished!!
INFO:root:concatenation function is started!!
INFO:root:concatenation function is finished!!
INFO:root:2023-03-08 05:58  -  2023-03-08 05:59 : preprocessing started
INFO:root:2023-03-08 05:58  -  2023-03-08 05:59 : preprocessing started
INFO:root:seperate_data function is started!!
INFO:root:separate function is started!!
INFO:root:Mongo database connected!! 
INFO:root:Mongo database disconnected!! 
INFO:root:2023-03-08 05:58  -  2023-03-08 05:59 : Loading into database completed successfully!!
