INFO:root: binance system is started at 2023-03-06 11:23
DEBUG:urllib3.connectionpool:Starting new HTTPS connection (1): fapi.binance.com:443
DEBUG:urllib3.connectionpool:https://fapi.binance.com:443 "GET /fapi/v1/trades?symbol=BTCUSDT HTTP/1.1" 200 None
DEBUG:urllib3.connectionpool:Starting new HTTPS connection (1): fapi.binance.com:443
DEBUG:urllib3.connectionpool:https://fapi.binance.com:443 "GET /fapi/v1/trades?symbol=BTCUSDT HTTP/1.1" 200 None
DEBUG:urllib3.connectionpool:Starting new HTTPS connection (1): fapi.binance.com:443
DEBUG:urllib3.connectionpool:https://fapi.binance.com:443 "GET /fapi/v1/trades?symbol=BTCUSDT HTTP/1.1" 200 None
DEBUG:urllib3.connectionpool:Starting new HTTPS connection (1): fapi.binance.com:443
DEBUG:urllib3.connectionpool:https://fapi.binance.com:443 "GET /fapi/v1/trades?symbol=BTCUSDT HTTP/1.1" 200 None
DEBUG:urllib3.connectionpool:Starting new HTTPS connection (1): fapi.binance.com:443
DEBUG:urllib3.connectionpool:https://fapi.binance.com:443 "GET /fapi/v1/trades?symbol=BTCUSDT HTTP/1.1" 200 None
INFO:root:2023-03-06 11:23  -  2023-03-06 11:24 : preprocessing started
DEBUG:asyncio:Using selector: EpollSelector
INFO:root:2023-03-06 11:24  -  2023-03-06 11:24 : Loading into database completed successfully!!
DEBUG:urllib3.connectionpool:Starting new HTTPS connection (1): fapi.binance.com:443
DEBUG:urllib3.connectionpool:https://fapi.binance.com:443 "GET /fapi/v1/trades?symbol=BTCUSDT HTTP/1.1" 200 None
DEBUG:urllib3.connectionpool:Starting new HTTPS connection (1): fapi.binance.com:443
DEBUG:urllib3.connectionpool:https://fapi.binance.com:443 "GET /fapi/v1/trades?symbol=BTCUSDT HTTP/1.1" 200 None
DEBUG:urllib3.connectionpool:Starting new HTTPS connection (1): fapi.binance.com:443
DEBUG:urllib3.connectionpool:https://fapi.binance.com:443 "GET /fapi/v1/trades?symbol=BTCUSDT HTTP/1.1" 200 None
DEBUG:urllib3.connectionpool:Starting new HTTPS connection (1): fapi.binance.com:443
DEBUG:urllib3.connectionpool:https://fapi.binance.com:443 "GET /fapi/v1/trades?symbol=BTCUSDT HTTP/1.1" 200 None
DEBUG:urllib3.connectionpool:Starting new HTTPS connection (1): fapi.binance.com:443
DEBUG:urllib3.connectionpool:https://fapi.binance.com:443 "GET /fapi/v1/trades?symbol=BTCUSDT HTTP/1.1" 200 None
INFO:root:2023-03-06 11:24  -  2023-03-06 11:25 : preprocessing started
DEBUG:asyncio:Using selector: EpollSelector
INFO:root:2023-03-06 11:25  -  2023-03-06 11:25 : Loading into database completed successfully!!
DEBUG:urllib3.connectionpool:Starting new HTTPS connection (1): fapi.binance.com:443
DEBUG:urllib3.connectionpool:https://fapi.binance.com:443 "GET /fapi/v1/trades?symbol=BTCUSDT HTTP/1.1" 200 None
DEBUG:urllib3.connectionpool:Starting new HTTPS connection (1): fapi.binance.com:443
DEBUG:urllib3.connectionpool:https://fapi.binance.com:443 "GET /fapi/v1/trades?symbol=BTCUSDT HTTP/1.1" 200 None
DEBUG:urllib3.connectionpool:Starting new HTTPS connection (1): fapi.binance.com:443
DEBUG:urllib3.connectionpool:https://fapi.binance.com:443 "GET /fapi/v1/trades?symbol=BTCUSDT HTTP/1.1" 200 None
DEBUG:urllib3.connectionpool:Starting new HTTPS connection (1): fapi.binance.com:443
DEBUG:urllib3.connectionpool:https://fapi.binance.com:443 "GET /fapi/v1/trades?symbol=BTCUSDT HTTP/1.1" 200 None
DEBUG:urllib3.connectionpool:Starting new HTTPS connection (1): fapi.binance.com:443
DEBUG:urllib3.connectionpool:https://fapi.binance.com:443 "GET /fapi/v1/trades?symbol=BTCUSDT HTTP/1.1" 200 None
DEBUG:urllib3.connectionpool:Starting new HTTPS connection (1): fapi.binance.com:443
DEBUG:urllib3.connectionpool:https://fapi.binance.com:443 "GET /fapi/v1/trades?symbol=BTCUSDT HTTP/1.1" 200 None
INFO:root:2023-03-06 11:25  -  2023-03-06 11:26 : preprocessing started
DEBUG:asyncio:Using selector: EpollSelector
INFO:root:2023-03-06 11:26  -  2023-03-06 11:26 : Loading into database completed successfully!!
DEBUG:urllib3.connectionpool:Starting new HTTPS connection (1): fapi.binance.com:443
DEBUG:urllib3.connectionpool:https://fapi.binance.com:443 "GET /fapi/v1/trades?symbol=BTCUSDT HTTP/1.1" 200 None
DEBUG:urllib3.connectionpool:Starting new HTTPS connection (1): fapi.binance.com:443
DEBUG:urllib3.connectionpool:https://fapi.binance.com:443 "GET /fapi/v1/trades?symbol=BTCUSDT HTTP/1.1" 200 None
DEBUG:urllib3.connectionpool:Starting new HTTPS connection (1): fapi.binance.com:443
DEBUG:urllib3.connectionpool:https://fapi.binance.com:443 "GET /fapi/v1/trades?symbol=BTCUSDT HTTP/1.1" 200 None
