INFO:root: bitmex system is started at 2023-03-06 15:56
INFO:root:2023-03-06 15:56  -  2023-03-06 15:57 : preprocessing started
INFO:root:get_bitmex_data function is started!!
INFO:root:get_bitmex_data function is finished!!
INFO:root:concatenation function is started!!
INFO:root:transform function is started!!
INFO:root:transform function is finished!!
INFO:root:concatenation function is finished!!
INFO:root:seperate_data function is started!!
INFO:root:aggregate function is started!!
INFO:root:get_bitmex_data function is finished!!
INFO:root:separate function is started!!
INFO:root:Mongo database connected!! 
INFO:root:Mongo database disconnected!! 
INFO:root:2023-03-06 15:56  -  2023-03-06 15:57 : Loading into database completed successfully!!
INFO:root:2023-03-06 15:57  -  2023-03-06 15:58 : preprocessing started
INFO:root:get_bitmex_data function is started!!
INFO:root:get_bitmex_data function is finished!!
INFO:root:concatenation function is started!!
INFO:root:transform function is started!!
INFO:root:transform function is finished!!
INFO:root:concatenation function is finished!!
INFO:root:seperate_data function is started!!
INFO:root:aggregate function is started!!
INFO:root:get_bitmex_data function is finished!!
INFO:root:separate function is started!!
INFO:root:Mongo database connected!! 
INFO:root:Mongo database disconnected!! 
INFO:root:2023-03-06 15:57  -  2023-03-06 15:58 : Loading into database completed successfully!!
