INFO:root: system is started at 2023-03-06 11:15
INFO:root:2023-03-06 11:15  -  2023-03-06 11:16 : preprocessing started
INFO:root:2023-03-06 11:16  -  2023-03-06 11:17 : preprocessing started
INFO:root:2023-03-06 11:17  -  2023-03-06 11:18 : preprocessing started
INFO:root:2023-03-06 11:18  -  2023-03-06 11:19 : preprocessing started
INFO:root:2023-03-06 11:19  -  2023-03-06 11:20 : preprocessing started
INFO:root:2023-03-06 11:20  -  2023-03-06 11:21 : preprocessing started
INFO:root:2023-03-06 11:21  -  2023-03-06 11:22 : preprocessing started
INFO:root:2023-03-06 11:22  -  2023-03-06 11:23 : preprocessing started
INFO:root: bitmex system is started at 2023-03-06 11:23
INFO:root:2023-03-06 11:23  -  2023-03-06 11:24 : preprocessing started
DEBUG:urllib3.connectionpool:Starting new HTTPS connection (1): www.bitmex.com:443
DEBUG:urllib3.connectionpool:https://www.bitmex.com:443 "GET /api/v1/trade?symbol=XBTUSD&count=1000&startTime=2023-03-06+11%3A23&endTime%3A=2023-03-06+11%3A24 HTTP/1.1" 200 None
DEBUG:asyncio:Using selector: EpollSelector
INFO:root:2023-03-06 11:23  -  2023-03-06 11:24 : Loading into database completed successfully!!
INFO:root:2023-03-06 11:24  -  2023-03-06 11:25 : preprocessing started
DEBUG:urllib3.connectionpool:Starting new HTTPS connection (1): www.bitmex.com:443
DEBUG:urllib3.connectionpool:https://www.bitmex.com:443 "GET /api/v1/trade?symbol=XBTUSD&count=1000&startTime=2023-03-06+11%3A24&endTime%3A=2023-03-06+11%3A25 HTTP/1.1" 200 None
DEBUG:asyncio:Using selector: EpollSelector
INFO:root:2023-03-06 11:24  -  2023-03-06 11:25 : Loading into database completed successfully!!
INFO:root:2023-03-06 11:25  -  2023-03-06 11:26 : preprocessing started
DEBUG:urllib3.connectionpool:Starting new HTTPS connection (1): www.bitmex.com:443
DEBUG:urllib3.connectionpool:https://www.bitmex.com:443 "GET /api/v1/trade?symbol=XBTUSD&count=1000&startTime=2023-03-06+11%3A25&endTime%3A=2023-03-06+11%3A26 HTTP/1.1" 200 2
INFO:root:2023-03-06 11:26  -  2023-03-06 11:27 : preprocessing started
DEBUG:urllib3.connectionpool:Starting new HTTPS connection (1): www.bitmex.com:443
DEBUG:urllib3.connectionpool:https://www.bitmex.com:443 "GET /api/v1/trade?symbol=XBTUSD&count=1000&startTime=2023-03-06+11%3A26&endTime%3A=2023-03-06+11%3A27 HTTP/1.1" 200 None
DEBUG:asyncio:Using selector: EpollSelector
INFO:root:2023-03-06 11:26  -  2023-03-06 11:27 : Loading into database completed successfully!!
INFO:root:2023-03-06 11:27  -  2023-03-06 11:28 : preprocessing started
DEBUG:urllib3.connectionpool:Starting new HTTPS connection (1): www.bitmex.com:443
DEBUG:urllib3.connectionpool:https://www.bitmex.com:443 "GET /api/v1/trade?symbol=XBTUSD&count=1000&startTime=2023-03-06+11%3A27&endTime%3A=2023-03-06+11%3A28 HTTP/1.1" 200 None
DEBUG:asyncio:Using selector: EpollSelector
INFO:root:2023-03-06 11:27  -  2023-03-06 11:28 : Loading into database completed successfully!!
INFO:root:2023-03-06 11:28  -  2023-03-06 11:29 : preprocessing started
DEBUG:urllib3.connectionpool:Starting new HTTPS connection (1): www.bitmex.com:443
DEBUG:urllib3.connectionpool:https://www.bitmex.com:443 "GET /api/v1/trade?symbol=XBTUSD&count=1000&startTime=2023-03-06+11%3A28&endTime%3A=2023-03-06+11%3A29 HTTP/1.1" 200 None
DEBUG:asyncio:Using selector: EpollSelector
INFO:root:2023-03-06 11:28  -  2023-03-06 11:29 : Loading into database completed successfully!!
INFO:root:2023-03-06 11:29  -  2023-03-06 11:30 : preprocessing started
DEBUG:urllib3.connectionpool:Starting new HTTPS connection (1): www.bitmex.com:443
DEBUG:urllib3.connectionpool:https://www.bitmex.com:443 "GET /api/v1/trade?symbol=XBTUSD&count=1000&startTime=2023-03-06+11%3A29&endTime%3A=2023-03-06+11%3A30 HTTP/1.1" 200 None
DEBUG:asyncio:Using selector: EpollSelector
INFO:root:2023-03-06 11:29  -  2023-03-06 11:30 : Loading into database completed successfully!!
INFO:root:2023-03-06 11:30  -  2023-03-06 11:31 : preprocessing started
DEBUG:urllib3.connectionpool:Starting new HTTPS connection (1): www.bitmex.com:443
DEBUG:urllib3.connectionpool:https://www.bitmex.com:443 "GET /api/v1/trade?symbol=XBTUSD&count=1000&startTime=2023-03-06+11%3A30&endTime%3A=2023-03-06+11%3A31 HTTP/1.1" 200 None
DEBUG:asyncio:Using selector: EpollSelector
INFO:root:2023-03-06 11:30  -  2023-03-06 11:31 : Loading into database completed successfully!!
INFO:root:2023-03-06 11:31  -  2023-03-06 11:32 : preprocessing started
DEBUG:urllib3.connectionpool:Starting new HTTPS connection (1): www.bitmex.com:443
DEBUG:urllib3.connectionpool:https://www.bitmex.com:443 "GET /api/v1/trade?symbol=XBTUSD&count=1000&startTime=2023-03-06+11%3A31&endTime%3A=2023-03-06+11%3A32 HTTP/1.1" 200 None
DEBUG:asyncio:Using selector: EpollSelector
INFO:root:2023-03-06 11:31  -  2023-03-06 11:32 : Loading into database completed successfully!!
INFO:root:2023-03-06 11:32  -  2023-03-06 11:33 : preprocessing started
DEBUG:urllib3.connectionpool:Starting new HTTPS connection (1): www.bitmex.com:443
DEBUG:urllib3.connectionpool:https://www.bitmex.com:443 "GET /api/v1/trade?symbol=XBTUSD&count=1000&startTime=2023-03-06+11%3A32&endTime%3A=2023-03-06+11%3A33 HTTP/1.1" 200 None
DEBUG:asyncio:Using selector: EpollSelector
INFO:root:2023-03-06 11:32  -  2023-03-06 11:33 : Loading into database completed successfully!!
INFO:root:2023-03-06 11:33  -  2023-03-06 11:34 : preprocessing started
DEBUG:urllib3.connectionpool:Starting new HTTPS connection (1): www.bitmex.com:443
DEBUG:urllib3.connectionpool:https://www.bitmex.com:443 "GET /api/v1/trade?symbol=XBTUSD&count=1000&startTime=2023-03-06+11%3A33&endTime%3A=2023-03-06+11%3A34 HTTP/1.1" 200 None
DEBUG:asyncio:Using selector: EpollSelector
INFO:root:2023-03-06 11:33  -  2023-03-06 11:34 : Loading into database completed successfully!!
INFO:root:2023-03-06 11:34  -  2023-03-06 11:35 : preprocessing started
DEBUG:urllib3.connectionpool:Starting new HTTPS connection (1): www.bitmex.com:443
DEBUG:urllib3.connectionpool:https://www.bitmex.com:443 "GET /api/v1/trade?symbol=XBTUSD&count=1000&startTime=2023-03-06+11%3A34&endTime%3A=2023-03-06+11%3A35 HTTP/1.1" 200 None
DEBUG:asyncio:Using selector: EpollSelector
INFO:root:2023-03-06 11:34  -  2023-03-06 11:35 : Loading into database completed successfully!!
INFO:root:2023-03-06 11:35  -  2023-03-06 11:36 : preprocessing started
DEBUG:urllib3.connectionpool:Starting new HTTPS connection (1): www.bitmex.com:443
DEBUG:urllib3.connectionpool:https://www.bitmex.com:443 "GET /api/v1/trade?symbol=XBTUSD&count=1000&startTime=2023-03-06+11%3A35&endTime%3A=2023-03-06+11%3A36 HTTP/1.1" 200 None
DEBUG:asyncio:Using selector: EpollSelector
INFO:root:2023-03-06 11:35  -  2023-03-06 11:36 : Loading into database completed successfully!!
INFO:root:2023-03-06 11:36  -  2023-03-06 11:37 : preprocessing started
DEBUG:urllib3.connectionpool:Starting new HTTPS connection (1): www.bitmex.com:443
DEBUG:urllib3.connectionpool:https://www.bitmex.com:443 "GET /api/v1/trade?symbol=XBTUSD&count=1000&startTime=2023-03-06+11%3A36&endTime%3A=2023-03-06+11%3A37 HTTP/1.1" 200 None
DEBUG:asyncio:Using selector: EpollSelector
INFO:root:2023-03-06 11:36  -  2023-03-06 11:37 : Loading into database completed successfully!!
INFO:root:2023-03-06 11:37  -  2023-03-06 11:38 : preprocessing started
DEBUG:urllib3.connectionpool:Starting new HTTPS connection (1): www.bitmex.com:443
DEBUG:urllib3.connectionpool:https://www.bitmex.com:443 "GET /api/v1/trade?symbol=XBTUSD&count=1000&startTime=2023-03-06+11%3A37&endTime%3A=2023-03-06+11%3A38 HTTP/1.1" 200 None
DEBUG:asyncio:Using selector: EpollSelector
INFO:root:2023-03-06 11:37  -  2023-03-06 11:38 : Loading into database completed successfully!!
INFO:root:2023-03-06 11:38  -  2023-03-06 11:39 : preprocessing started
DEBUG:urllib3.connectionpool:Starting new HTTPS connection (1): www.bitmex.com:443
DEBUG:urllib3.connectionpool:https://www.bitmex.com:443 "GET /api/v1/trade?symbol=XBTUSD&count=1000&startTime=2023-03-06+11%3A38&endTime%3A=2023-03-06+11%3A39 HTTP/1.1" 200 None
DEBUG:asyncio:Using selector: EpollSelector
INFO:root:2023-03-06 11:38  -  2023-03-06 11:39 : Loading into database completed successfully!!
INFO:root:2023-03-06 11:39  -  2023-03-06 11:40 : preprocessing started
DEBUG:urllib3.connectionpool:Starting new HTTPS connection (1): www.bitmex.com:443
DEBUG:urllib3.connectionpool:https://www.bitmex.com:443 "GET /api/v1/trade?symbol=XBTUSD&count=1000&startTime=2023-03-06+11%3A39&endTime%3A=2023-03-06+11%3A40 HTTP/1.1" 200 None
DEBUG:asyncio:Using selector: EpollSelector
INFO:root:2023-03-06 11:39  -  2023-03-06 11:40 : Loading into database completed successfully!!
INFO:root:2023-03-06 11:40  -  2023-03-06 11:41 : preprocessing started
DEBUG:urllib3.connectionpool:Starting new HTTPS connection (1): www.bitmex.com:443
DEBUG:urllib3.connectionpool:https://www.bitmex.com:443 "GET /api/v1/trade?symbol=XBTUSD&count=1000&startTime=2023-03-06+11%3A40&endTime%3A=2023-03-06+11%3A41 HTTP/1.1" 200 None
DEBUG:asyncio:Using selector: EpollSelector
INFO:root:2023-03-06 11:40  -  2023-03-06 11:41 : Loading into database completed successfully!!
