INFO:werkzeug:[31m[1mWARNING: This is a development server. Do not use it in a production deployment. Use a production WSGI server instead.[0m
 * Running on all addresses (0.0.0.0)
 * Running on http://127.0.0.1:8888
 * Running on http://172.17.0.2:8888
INFO:werkzeug:[33mPress CTRL+C to quit[0m
INFO:werkzeug:172.17.0.1 - - [08/Mar/2023 01:44:50] "GET / HTTP/1.1" 200 -
INFO:werkzeug:172.17.0.1 - - [08/Mar/2023 01:44:50] "GET /swaggerui/swagger-ui-bundle.js HTTP/1.1" 200 -
INFO:werkzeug:172.17.0.1 - - [08/Mar/2023 01:44:50] "GET /swaggerui/swagger-ui-standalone-preset.js HTTP/1.1" 200 -
INFO:werkzeug:172.17.0.1 - - [08/Mar/2023 01:44:50] "[36mGET /swaggerui/droid-sans.css HTTP/1.1[0m" 304 -
INFO:werkzeug:172.17.0.1 - - [08/Mar/2023 01:44:50] "[36mGET /swaggerui/swagger-ui.css HTTP/1.1[0m" 304 -
INFO:werkzeug:172.17.0.1 - - [08/Mar/2023 01:44:50] "[36mGET /swaggerui/swagger-ui-bundle.js HTTP/1.1[0m" 304 -
INFO:werkzeug:172.17.0.1 - - [08/Mar/2023 01:44:50] "[36mGET /swaggerui/swagger-ui-standalone-preset.js HTTP/1.1[0m" 304 -
INFO:werkzeug:172.17.0.1 - - [08/Mar/2023 01:44:50] "[36mGET /swaggerui/droid-sans.css HTTP/1.1[0m" 304 -
INFO:werkzeug:172.17.0.1 - - [08/Mar/2023 01:44:50] "[36mGET /swaggerui/swagger-ui.css HTTP/1.1[0m" 304 -
INFO:werkzeug:172.17.0.1 - - [08/Mar/2023 01:44:50] "[33mGET /favicon.ico HTTP/1.1[0m" 404 -
INFO:werkzeug:172.17.0.1 - - [08/Mar/2023 01:44:50] "GET /swagger.json HTTP/1.1" 200 -
INFO:werkzeug:172.17.0.1 - - [08/Mar/2023 01:44:50] "[36mGET /swaggerui/favicon-32x32.png HTTP/1.1[0m" 304 -
INFO:werkzeug:172.17.0.1 - - [08/Mar/2023 01:44:56] "[33mGET /gg/a/asd/asd HTTP/1.1[0m" 404 -
INFO:werkzeug:172.17.0.1 - - [08/Mar/2023 01:45:16] "[33mGET /gg/a/2022-02-02%2000%3A00/2024-02-02%2000%3A00 HTTP/1.1[0m" 404 -
INFO:root:get_exchange_data started!!
INFO:root:get_exchange_data started!!
INFO:root:get_exchange_data started!!
INFO:root:get_exchange_data started!!
INFO:root:get_exchange_data started!!
INFO:root:get_exchange_data started!!
INFO:root:get_exchange_data started!!
INFO:root:get_exchange_data started!!
INFO:root:get_exchange_data started!!
INFO:root:get_exchange_data started!!
INFO:root:get_exchange_data started!!
INFO:root:get_exchange_data started!!
INFO:root:get_exchange_data started!!
INFO:root:get_exchange_data started!!
INFO:root:get_exchange_data started!!
INFO:root:get_exchange_data started!!
INFO:root:get_exchange_data started!!
INFO:root:get_exchange_data started!!
INFO:root:get_exchange_data started!!
INFO:root:get_exchange_data started!!
INFO:root:get_exchange_data started!!
INFO:root:get_exchange_data started!!
INFO:root:get_exchange_data started!!
INFO:root:get_exchange_data started!!
INFO:root:get_exchange_data started!!
INFO:root:get_exchange_data started!!
INFO:root:get_exchange_data started!!
INFO:root:get_exchange_data started!!
INFO:root:get_exchange_data started!!
INFO:root:get_exchange_data started!!
INFO:root:get_exchange_data started!!
INFO:root:get_exchange_data started!!
INFO:root:get_exchange_data started!!
INFO:root:get_exchange_data started!!
INFO:root:get_exchange_data started!!
INFO:root:get_exchange_data started!!
INFO:root:get_exchange_data started!!
INFO:root:get_exchange_data started!!
INFO:root:get_exchange_data started!!
INFO:root:get_exchange_data started!!
INFO:root:get_exchange_data started!!
INFO:root:get_exchange_data started!!
INFO:root:get_exchange_data started!!
INFO:root:get_exchange_data started!!
INFO:root:get_exchange_data started!!
INFO:root:get_exchange_data started!!
INFO:root:get_exchange_data started!!
INFO:root:get_exchange_data started!!
INFO:root:get_exchange_data started!!
INFO:root:get_exchange_data started!!
INFO:root:get_exchange_data started!!
INFO:root:get_exchange_data started!!
INFO:root:get_exchange_data started!!
INFO:root:get_exchange_data started!!
INFO:root:get_exchange_data started!!
INFO:root:get_exchange_data started!!
INFO:root:get_exchange_data started!!
INFO:root:get_exchange_data started!!
INFO:root:get_exchange_data started!!
INFO:root:get_exchange_data started!!
INFO:root:get_exchange_data started!!
INFO:root:get_exchange_data started!!
INFO:root:get_exchange_data started!!
INFO:root:get_exchange_data started!!
INFO:root:get_exchange_data started!!
INFO:root:get_exchange_data started!!
INFO:root:get_exchange_data started!!
INFO:root:get_exchange_data started!!
INFO:root:get_exchange_data started!!
INFO:root:get_exchange_data started!!
INFO:root:get_exchange_data started!!
INFO:root:get_exchange_data started!!
INFO:root:get_exchange_data started!!
INFO:root:get_exchange_data started!!
INFO:root:get_exchange_data started!!
INFO:root:get_exchange_data started!!
INFO:root:get_exchange_data started!!
INFO:root:get_exchange_data started!!
INFO:root:get_exchange_data started!!
INFO:root:get_exchange_data started!!
INFO:root:get_exchange_data started!!
INFO:root:get_exchange_data started!!
INFO:root:get_exchange_data started!!
INFO:root:get_exchange_data started!!
INFO:root:get_exchange_data started!!
INFO:root:get_exchange_data started!!
INFO:root:get_exchange_data started!!
INFO:root:get_exchange_data started!!
INFO:root:get_exchange_data started!!
INFO:root:get_exchange_data started!!
INFO:root:get_exchange_data started!!
INFO:root:get_exchange_data started!!
INFO:root:get_exchange_data started!!
INFO:root:get_exchange_data started!!
INFO:root:get_exchange_data started!!
INFO:root:get_exchange_data started!!
INFO:root:get_exchange_data started!!
INFO:root:get_exchange_data started!!
INFO:root:get_exchange_data started!!
INFO:root:get_exchange_data started!!
INFO:root:get_exchange_data started!!
INFO:root:get_exchange_data started!!
INFO:root:get_exchange_data started!!
INFO:root:get_exchange_data started!!
INFO:root:get_exchange_data started!!
INFO:root:get_exchange_data started!!
INFO:root:get_exchange_data started!!
INFO:root:get_exchange_data started!!
INFO:root:get_exchange_data started!!
INFO:root:get_exchange_data started!!
INFO:root:get_exchange_data started!!
INFO:root:get_exchange_data started!!
INFO:root:get_exchange_data started!!
INFO:root:get_exchange_data started!!
INFO:root:get_exchange_data started!!
INFO:root:get_exchange_data started!!
INFO:root:get_exchange_data started!!
INFO:root:get_exchange_data started!!
INFO:root:get_exchange_data started!!
INFO:root:get_exchange_data started!!
INFO:root:get_exchange_data started!!
INFO:root:get_exchange_data started!!
INFO:root:get_exchange_data started!!
INFO:root:get_exchange_data started!!
INFO:root:get_exchange_data started!!
INFO:root:get_exchange_data started!!
INFO:root:get_exchange_data started!!
INFO:root:get_exchange_data started!!
INFO:root:get_exchange_data started!!
INFO:root:get_exchange_data started!!
INFO:root:get_exchange_data started!!
INFO:root:get_exchange_data started!!
INFO:root:get_exchange_data started!!
INFO:root:get_exchange_data started!!
INFO:root:get_exchange_data started!!
INFO:root:get_exchange_data started!!
INFO:root:get_exchange_data started!!
INFO:root:get_exchange_data started!!
INFO:root:get_exchange_data started!!
INFO:root:get_exchange_data started!!
INFO:root:get_exchange_data started!!
INFO:root:get_exchange_data started!!
INFO:root:get_exchange_data started!!
INFO:root:get_exchange_data started!!
INFO:root:get_exchange_data started!!
INFO:root:get_exchange_data started!!
INFO:root:get_exchange_data started!!
INFO:root:get_exchange_data started!!
INFO:root:get_exchange_data started!!
INFO:root:get_exchange_data started!!
INFO:root:get_exchange_data started!!
INFO:root:get_exchange_data started!!
INFO:root:get_exchange_data started!!
INFO:root:get_exchange_data started!!
INFO:root:get_exchange_data started!!
INFO:root:get_exchange_data started!!
INFO:root:get_exchange_data started!!
INFO:root:get_exchange_data started!!
INFO:root:get_exchange_data started!!
INFO:root:get_exchange_data started!!
INFO:root:get_exchange_data started!!
INFO:root:get_exchange_data started!!
INFO:root:get_exchange_data started!!
INFO:root:get_exchange_data started!!
INFO:root:get_exchange_data started!!
INFO:root:get_exchange_data started!!
INFO:root:get_exchange_data started!!
INFO:root:get_exchange_data started!!
INFO:root:get_exchange_data started!!
INFO:root:get_exchange_data started!!
INFO:root:get_exchange_data started!!
INFO:root:get_exchange_data started!!
INFO:root:get_exchange_data started!!
INFO:root:get_exchange_data started!!
INFO:root:get_exchange_data started!!
INFO:root:get_exchange_data started!!
INFO:root:get_exchange_data started!!
INFO:root:get_exchange_data started!!
INFO:root:get_exchange_data started!!
INFO:root:get_exchange_data started!!
INFO:root:get_exchange_data started!!
INFO:root:get_exchange_data started!!
INFO:root:get_exchange_data started!!
INFO:root:get_exchange_data started!!
INFO:root:get_exchange_data started!!
INFO:root:get_exchange_data started!!
INFO:root:get_exchange_data started!!
INFO:root:get_exchange_data started!!
INFO:root:get_exchange_data started!!
INFO:root:get_exchange_data started!!
INFO:root:get_exchange_data started!!
INFO:root:get_exchange_data started!!
INFO:root:get_exchange_data started!!
INFO:root:get_exchange_data started!!
INFO:root:get_exchange_data started!!
INFO:root:get_exchange_data started!!
INFO:root:get_exchange_data started!!
INFO:root:get_exchange_data started!!
INFO:root:get_exchange_data started!!
INFO:root:get_exchange_data started!!
INFO:root:get_exchange_data started!!
INFO:root:get_exchange_data started!!
INFO:root:get_exchange_data started!!
INFO:root:get_exchange_data started!!
INFO:root:get_exchange_data started!!
INFO:root:get_exchange_data started!!
INFO:root:get_exchange_data started!!
INFO:root:get_exchange_data started!!
INFO:root:get_exchange_data started!!
INFO:root:get_exchange_data started!!
INFO:root:get_exchange_data started!!
INFO:root:get_exchange_data started!!
INFO:root:get_exchange_data started!!
INFO:root:get_exchange_data started!!
INFO:root:get_exchange_data started!!
INFO:root:get_exchange_data started!!
INFO:root:get_exchange_data started!!
INFO:root:get_exchange_data started!!
INFO:root:get_exchange_data started!!
INFO:root:get_exchange_data started!!
INFO:root:get_exchange_data started!!
INFO:root:get_exchange_data started!!
INFO:root:get_exchange_data started!!
INFO:root:get_exchange_data started!!
INFO:root:get_exchange_data started!!
INFO:root:get_exchange_data started!!
INFO:root:get_exchange_data started!!
INFO:root:get_exchange_data started!!
INFO:root:get_exchange_data started!!
INFO:root:get_exchange_data started!!
INFO:root:get_exchange_data started!!
INFO:root:get_exchange_data started!!
INFO:root:get_exchange_data started!!
INFO:root:get_exchange_data started!!
INFO:root:get_exchange_data started!!
INFO:root:get_exchange_data started!!
INFO:root:get_exchange_data started!!
INFO:root:get_exchange_data started!!
INFO:root:get_exchange_data started!!
INFO:root:get_exchange_data started!!
INFO:root:get_exchange_data started!!
INFO:root:get_exchange_data started!!
INFO:root:get_exchange_data started!!
INFO:root:get_exchange_data started!!
INFO:root:get_exchange_data started!!
INFO:root:get_exchange_data started!!
INFO:root:get_exchange_data started!!
INFO:root:get_exchange_data started!!
INFO:root:get_exchange_data started!!
INFO:root:get_exchange_data started!!
INFO:root:get_exchange_data started!!
INFO:root:get_exchange_data started!!
INFO:root:get_exchange_data started!!
INFO:root:get_exchange_data started!!
INFO:root:get_exchange_data started!!
INFO:root:get_exchange_data started!!
INFO:root:get_exchange_data started!!
INFO:root:get_exchange_data started!!
INFO:root:get_exchange_data started!!
INFO:root:get_exchange_data started!!
INFO:root:get_exchange_data started!!
INFO:root:get_exchange_data started!!
INFO:root:get_exchange_data started!!
INFO:root:get_exchange_data started!!
INFO:root:get_exchange_data started!!
INFO:root:get_exchange_data started!!
INFO:root:get_exchange_data started!!
INFO:root:get_exchange_data started!!
INFO:root:get_exchange_data started!!
INFO:root:get_exchange_data started!!
INFO:root:get_exchange_data started!!
INFO:root:get_exchange_data started!!
INFO:root:get_exchange_data started!!
INFO:root:get_exchange_data started!!
INFO:root:get_exchange_data started!!
INFO:root:get_exchange_data started!!
INFO:root:get_exchange_data started!!
INFO:root:get_exchange_data started!!
INFO:root:get_exchange_data started!!
INFO:root:get_exchange_data started!!
INFO:root:get_exchange_data started!!
INFO:root:get_exchange_data started!!
INFO:root:get_exchange_data started!!
INFO:root:get_exchange_data started!!
INFO:root:get_exchange_data started!!
INFO:root:get_exchange_data started!!
INFO:root:get_exchange_data started!!
INFO:root:get_exchange_data started!!
INFO:root:get_exchange_data started!!
INFO:root:get_exchange_data started!!
INFO:root:get_exchange_data started!!
INFO:root:get_exchange_data started!!
INFO:root:get_exchange_data started!!
INFO:root:get_exchange_data started!!
INFO:root:get_exchange_data started!!
INFO:root:get_exchange_data started!!
INFO:root:get_exchange_data started!!
INFO:root:get_exchange_data started!!
INFO:root:get_exchange_data started!!
INFO:root:get_exchange_data started!!
INFO:root:get_exchange_data started!!
INFO:root:get_exchange_data started!!
INFO:root:get_exchange_data started!!
INFO:root:get_exchange_data started!!
INFO:root:get_exchange_data started!!
INFO:root:get_exchange_data started!!
INFO:root:get_exchange_data started!!
INFO:root:get_exchange_data started!!
INFO:root:get_exchange_data started!!
INFO:root:get_exchange_data started!!
INFO:root:get_exchange_data started!!
INFO:root:get_exchange_data started!!
INFO:root:get_exchange_data started!!
INFO:root:get_exchange_data started!!
INFO:root:get_exchange_data started!!
INFO:root:get_exchange_data started!!
INFO:root:get_exchange_data started!!
INFO:root:get_exchange_data started!!
INFO:root:get_exchange_data started!!
INFO:root:get_exchange_data started!!
INFO:root:get_exchange_data started!!
INFO:root:get_exchange_data started!!
INFO:root:get_exchange_data started!!
INFO:root:get_exchange_data started!!
INFO:root:get_exchange_data started!!
INFO:root:get_exchange_data started!!
INFO:root:get_exchange_data started!!
INFO:root:get_exchange_data started!!
INFO:root:get_exchange_data started!!
INFO:root:get_exchange_data started!!
INFO:root:get_exchange_data started!!
INFO:root:get_exchange_data started!!
INFO:root:get_exchange_data started!!
INFO:root:get_exchange_data started!!
INFO:root:get_exchange_data started!!
INFO:root:get_exchange_data started!!
INFO:root:get_exchange_data started!!
INFO:root:get_exchange_data started!!
INFO:root:get_exchange_data started!!
INFO:root:get_exchange_data started!!
INFO:root:get_exchange_data started!!
INFO:root:get_exchange_data started!!
INFO:root:get_exchange_data started!!
INFO:root:get_exchange_data started!!
INFO:root:get_exchange_data started!!
INFO:root:get_exchange_data started!!
INFO:root:get_exchange_data started!!
INFO:root:get_exchange_data started!!
INFO:root:get_exchange_data started!!
INFO:root:get_exchange_data started!!
INFO:root:get_exchange_data started!!
INFO:root:get_exchange_data started!!
INFO:root:get_exchange_data started!!
INFO:root:get_exchange_data started!!
INFO:root:get_exchange_data started!!
INFO:root:get_exchange_data started!!
INFO:root:get_exchange_data started!!
INFO:root:get_exchange_data started!!
INFO:root:get_exchange_data started!!
INFO:root:get_exchange_data started!!
INFO:root:get_exchange_data started!!
INFO:root:get_exchange_data started!!
INFO:root:get_exchange_data started!!
INFO:root:get_exchange_data started!!
INFO:root:get_exchange_data started!!
INFO:root:get_exchange_data started!!
INFO:root:get_exchange_data started!!
INFO:root:get_exchange_data started!!
INFO:root:get_exchange_data started!!
INFO:root:get_exchange_data started!!
INFO:root:get_exchange_data started!!
INFO:root:get_exchange_data started!!
INFO:root:get_exchange_data started!!
INFO:root:get_exchange_data started!!
INFO:root:get_exchange_data started!!
INFO:root:get_exchange_data started!!
INFO:root:get_exchange_data started!!
INFO:root:get_exchange_data started!!
INFO:root:get_exchange_data started!!
INFO:root:get_exchange_data started!!
INFO:root:get_exchange_data started!!
INFO:root:get_exchange_data started!!
INFO:root:get_exchange_data started!!
INFO:root:get_exchange_data started!!
INFO:root:get_exchange_data started!!
INFO:root:get_exchange_data started!!
INFO:root:get_exchange_data started!!
INFO:root:get_exchange_data started!!
INFO:root:get_exchange_data started!!
INFO:root:get_exchange_data started!!
INFO:root:get_exchange_data started!!
INFO:root:get_exchange_data started!!
INFO:root:get_exchange_data started!!
INFO:root:get_exchange_data started!!
INFO:root:get_exchange_data started!!
INFO:root:get_exchange_data started!!
INFO:root:get_exchange_data started!!
INFO:root:get_exchange_data started!!
INFO:root:get_exchange_data started!!
INFO:root:get_exchange_data started!!
INFO:root:get_exchange_data started!!
INFO:root:get_exchange_data started!!
INFO:root:get_exchange_data started!!
INFO:root:get_exchange_data started!!
INFO:root:get_exchange_data started!!
INFO:root:get_exchange_data started!!
INFO:root:get_exchange_data started!!
INFO:root:get_exchange_data started!!
INFO:root:get_exchange_data started!!
INFO:root:get_exchange_data started!!
INFO:root:get_exchange_data started!!
INFO:root:get_exchange_data started!!
INFO:root:get_exchange_data started!!
INFO:root:get_exchange_data started!!
INFO:root:get_exchange_data started!!
INFO:root:get_exchange_data started!!
INFO:root:get_exchange_data started!!
INFO:root:get_exchange_data started!!
INFO:root:get_exchange_data started!!
INFO:root:get_exchange_data started!!
INFO:root:get_exchange_data started!!
INFO:root:get_exchange_data started!!
INFO:root:get_exchange_data started!!
INFO:root:get_exchange_data started!!
INFO:root:get_exchange_data started!!
INFO:root:get_exchange_data started!!
INFO:root:get_exchange_data started!!
INFO:root:get_exchange_data started!!
INFO:root:get_exchange_data started!!
INFO:root:get_exchange_data started!!
INFO:root:get_exchange_data started!!
INFO:root:get_exchange_data started!!
INFO:root:get_exchange_data started!!
INFO:root:get_exchange_data started!!
INFO:root:get_exchange_data started!!
INFO:root:get_exchange_data started!!
INFO:root:get_exchange_data started!!
INFO:root:get_exchange_data started!!
INFO:root:get_exchange_data started!!
INFO:root:get_exchange_data started!!
INFO:root:get_exchange_data started!!
INFO:root:get_exchange_data started!!
INFO:root:get_exchange_data started!!
INFO:root:get_exchange_data started!!
INFO:root:get_exchange_data started!!
INFO:root:get_exchange_data started!!
INFO:root:get_exchange_data started!!
INFO:root:get_exchange_data started!!
INFO:root:get_exchange_data started!!
INFO:root:get_exchange_data started!!
INFO:root:get_exchange_data started!!
INFO:root:get_exchange_data started!!
INFO:root:get_exchange_data started!!
INFO:root:get_exchange_data started!!
INFO:root:get_exchange_data started!!
INFO:root:get_exchange_data started!!
INFO:root:get_exchange_data started!!
INFO:root:get_exchange_data started!!
INFO:root:get_exchange_data started!!
INFO:root:get_exchange_data started!!
INFO:root:get_exchange_data started!!
INFO:root:get_exchange_data started!!
INFO:root:get_exchange_data started!!
INFO:root:get_exchange_data started!!
INFO:root:get_exchange_data started!!
INFO:root:get_exchange_data started!!
INFO:root:get_exchange_data started!!
INFO:root:get_exchange_data started!!
INFO:root:get_exchange_data started!!
INFO:root:get_exchange_data started!!
INFO:root:get_exchange_data started!!
INFO:root:get_exchange_data started!!
INFO:root:get_exchange_data started!!
INFO:root:get_exchange_data started!!
INFO:root:get_exchange_data started!!
INFO:root:get_exchange_data started!!
INFO:root:get_exchange_data started!!
INFO:root:get_exchange_data started!!
INFO:root:get_exchange_data started!!
INFO:root:get_exchange_data started!!
INFO:root:get_exchange_data started!!
INFO:root:get_exchange_data started!!
INFO:root:get_exchange_data started!!
INFO:root:get_exchange_data started!!
INFO:root:get_exchange_data started!!
INFO:root:get_exchange_data started!!
INFO:root:get_exchange_data started!!
INFO:root:get_exchange_data started!!
INFO:root:get_exchange_data started!!
INFO:root:get_exchange_data started!!
INFO:root:get_exchange_data started!!
INFO:root:get_exchange_data started!!
INFO:root:get_exchange_data started!!
INFO:root:get_exchange_data started!!
INFO:root:get_exchange_data started!!
INFO:root:get_exchange_data started!!
INFO:root:get_exchange_data started!!
INFO:root:get_exchange_data started!!
INFO:root:get_exchange_data started!!
INFO:root:get_exchange_data started!!
INFO:root:get_exchange_data started!!
INFO:root:get_exchange_data started!!
INFO:root:get_exchange_data started!!
INFO:root:get_exchange_data started!!
INFO:root:get_exchange_data started!!
INFO:root:get_exchange_data started!!
INFO:root:get_exchange_data started!!
INFO:root:get_exchange_data started!!
INFO:root:get_exchange_data started!!
INFO:root:get_exchange_data started!!
INFO:root:get_exchange_data started!!
INFO:root:get_exchange_data started!!
INFO:root:get_exchange_data started!!
INFO:root:get_exchange_data started!!
INFO:root:get_exchange_data started!!
INFO:root:get_exchange_data started!!
INFO:root:get_exchange_data started!!
INFO:root:get_exchange_data started!!
INFO:root:get_exchange_data started!!
INFO:root:get_exchange_data started!!
INFO:root:get_exchange_data started!!
INFO:root:get_exchange_data started!!
INFO:root:get_exchange_data started!!
INFO:root:get_exchange_data started!!
INFO:root:get_exchange_data started!!
INFO:root:get_exchange_data started!!
INFO:root:get_exchange_data started!!
INFO:root:get_exchange_data started!!
INFO:root:get_exchange_data started!!
INFO:root:get_exchange_data started!!
INFO:root:get_exchange_data started!!
INFO:root:get_exchange_data started!!
INFO:root:get_exchange_data started!!
INFO:root:get_exchange_data started!!
INFO:root:get_exchange_data started!!
INFO:root:get_exchange_data started!!
INFO:root:get_exchange_data started!!
INFO:root:get_exchange_data started!!
INFO:root:get_exchange_data started!!
INFO:root:get_exchange_data started!!
INFO:root:get_exchange_data started!!
INFO:root:get_exchange_data started!!
INFO:root:get_exchange_data started!!
INFO:root:get_exchange_data started!!
INFO:root:get_exchange_data started!!
INFO:root:get_exchange_data started!!
INFO:root:get_exchange_data started!!
INFO:root:get_exchange_data started!!
INFO:root:get_exchange_data started!!
INFO:root:get_exchange_data started!!
INFO:root:get_exchange_data started!!
INFO:root:get_exchange_data started!!
INFO:root:get_exchange_data started!!
INFO:root:get_exchange_data started!!
INFO:root:get_exchange_data started!!
INFO:root:get_exchange_data started!!
INFO:root:get_exchange_data started!!
INFO:root:get_exchange_data started!!
INFO:root:get_exchange_data started!!
INFO:root:get_exchange_data started!!
INFO:root:get_exchange_data started!!
INFO:root:get_exchange_data started!!
INFO:root:get_exchange_data started!!
INFO:root:get_exchange_data started!!
INFO:root:get_exchange_data started!!
INFO:root:get_exchange_data started!!
INFO:root:get_exchange_data started!!
INFO:root:get_exchange_data started!!
INFO:root:get_exchange_data started!!
INFO:root:get_exchange_data started!!
INFO:root:get_exchange_data started!!
INFO:root:get_exchange_data started!!
INFO:root:get_exchange_data started!!
INFO:root:get_exchange_data started!!
INFO:root:get_exchange_data started!!
INFO:root:get_exchange_data started!!
INFO:root:get_exchange_data started!!
INFO:root:get_exchange_data started!!
INFO:root:get_exchange_data started!!
INFO:root:get_exchange_data started!!
INFO:root:get_exchange_data started!!
INFO:root:get_exchange_data started!!
INFO:root:get_exchange_data started!!
INFO:root:get_exchange_data started!!
INFO:root:get_exchange_data started!!
INFO:root:get_exchange_data started!!
INFO:root:get_exchange_data started!!
INFO:root:get_exchange_data started!!
INFO:root:get_exchange_data started!!
INFO:root:get_exchange_data started!!
INFO:root:get_exchange_data started!!
INFO:root:get_exchange_data started!!
INFO:root:get_exchange_data started!!
INFO:root:get_exchange_data started!!
INFO:root:get_exchange_data started!!
INFO:root:get_exchange_data started!!
INFO:root:get_exchange_data started!!
INFO:root:get_exchange_data started!!
INFO:root:get_exchange_data started!!
INFO:root:get_exchange_data started!!
INFO:root:get_exchange_data started!!
INFO:root:get_exchange_data started!!
INFO:root:get_exchange_data started!!
INFO:root:get_exchange_data started!!
INFO:root:get_exchange_data started!!
INFO:root:get_exchange_data started!!
INFO:root:get_exchange_data started!!
INFO:root:get_exchange_data started!!
INFO:root:get_exchange_data started!!
INFO:root:get_exchange_data started!!
INFO:root:get_exchange_data started!!
INFO:root:get_exchange_data started!!
INFO:root:get_exchange_data started!!
INFO:root:get_exchange_data started!!
INFO:root:get_exchange_data started!!
INFO:root:get_exchange_data started!!
INFO:root:get_exchange_data started!!
INFO:root:get_exchange_data started!!
INFO:root:get_exchange_data started!!
INFO:root:get_exchange_data started!!
INFO:root:get_exchange_data started!!
INFO:root:get_exchange_data started!!
INFO:root:get_exchange_data started!!
INFO:root:get_exchange_data started!!
INFO:root:get_exchange_data started!!
INFO:root:get_exchange_data started!!
INFO:root:get_exchange_data started!!
INFO:root:get_exchange_data started!!
INFO:root:get_exchange_data started!!
INFO:root:get_exchange_data started!!
INFO:root:get_exchange_data started!!
INFO:root:get_exchange_data started!!
INFO:root:get_exchange_data started!!
INFO:root:get_exchange_data started!!
INFO:root:get_exchange_data started!!
INFO:root:get_exchange_data started!!
INFO:root:get_exchange_data started!!
INFO:root:get_exchange_data started!!
INFO:root:get_exchange_data started!!
INFO:root:get_exchange_data started!!
INFO:root:get_exchange_data started!!
INFO:root:get_exchange_data started!!
INFO:root:get_exchange_data started!!
INFO:root:get_exchange_data started!!
INFO:root:get_exchange_data started!!
INFO:root:get_exchange_data started!!
INFO:root:get_exchange_data started!!
INFO:root:get_exchange_data started!!
INFO:root:get_exchange_data started!!
INFO:root:get_exchange_data started!!
INFO:root:get_exchange_data started!!
INFO:root:get_exchange_data started!!
INFO:root:get_exchange_data started!!
INFO:root:get_exchange_data started!!
INFO:root:get_exchange_data started!!
INFO:root:get_exchange_data started!!
INFO:root:get_exchange_data started!!
INFO:root:get_exchange_data started!!
INFO:root:get_exchange_data started!!
INFO:root:get_exchange_data started!!
INFO:root:get_exchange_data started!!
INFO:root:get_exchange_data started!!
INFO:root:get_exchange_data started!!
INFO:root:get_exchange_data started!!
INFO:root:get_exchange_data started!!
INFO:root:get_exchange_data started!!
INFO:root:get_exchange_data started!!
INFO:root:get_exchange_data started!!
INFO:root:get_exchange_data started!!
INFO:root:get_exchange_data started!!
INFO:root:get_exchange_data started!!
INFO:root:get_exchange_data started!!
INFO:root:get_exchange_data started!!
INFO:root:get_exchange_data started!!
INFO:root:get_exchange_data started!!
INFO:root:get_exchange_data started!!
INFO:root:get_exchange_data started!!
INFO:root:get_exchange_data started!!
INFO:root:get_exchange_data started!!
INFO:root:get_exchange_data started!!
INFO:root:get_exchange_data started!!
INFO:root:get_exchange_data started!!
INFO:root:get_exchange_data started!!
INFO:root:get_exchange_data started!!
INFO:root:get_exchange_data started!!
INFO:root:get_exchange_data started!!
INFO:root:get_exchange_data started!!
INFO:root:get_exchange_data started!!
INFO:root:get_exchange_data started!!
INFO:root:get_exchange_data started!!
INFO:root:get_exchange_data started!!
INFO:root:get_exchange_data started!!
INFO:root:get_exchange_data started!!
INFO:root:get_exchange_data started!!
INFO:root:get_exchange_data started!!
INFO:root:get_exchange_data started!!
INFO:root:get_exchange_data started!!
INFO:root:get_exchange_data started!!
INFO:root:get_exchange_data started!!
INFO:root:get_exchange_data started!!
INFO:root:get_exchange_data started!!
INFO:root:get_exchange_data started!!
INFO:root:get_exchange_data started!!
INFO:root:get_exchange_data started!!
INFO:root:get_exchange_data started!!
INFO:root:get_exchange_data started!!
INFO:root:get_exchange_data started!!
INFO:root:get_exchange_data started!!
INFO:root:get_exchange_data started!!
INFO:root:get_exchange_data started!!
INFO:root:get_exchange_data started!!
INFO:root:get_exchange_data started!!
INFO:root:get_exchange_data started!!
INFO:root:get_exchange_data started!!
INFO:root:get_exchange_data started!!
INFO:root:get_exchange_data started!!
INFO:root:get_exchange_data started!!
INFO:root:get_exchange_data started!!
INFO:root:get_exchange_data started!!
INFO:root:get_exchange_data started!!
INFO:root:get_exchange_data started!!
INFO:root:get_exchange_data started!!
INFO:root:get_exchange_data started!!
INFO:root:get_exchange_data started!!
INFO:root:get_exchange_data started!!
INFO:root:get_exchange_data started!!
INFO:root:get_exchange_data started!!
INFO:root:get_exchange_data started!!
INFO:root:get_exchange_data started!!
INFO:root:get_exchange_data started!!
INFO:root:get_exchange_data started!!
INFO:root:get_exchange_data started!!
INFO:root:get_exchange_data started!!
INFO:root:get_exchange_data started!!
INFO:root:get_exchange_data started!!
INFO:root:get_exchange_data started!!
INFO:root:get_exchange_data started!!
INFO:root:get_exchange_data started!!
INFO:root:get_exchange_data started!!
INFO:root:get_exchange_data started!!
INFO:root:get_exchange_data started!!
INFO:root:get_exchange_data started!!
INFO:root:get_exchange_data started!!
INFO:root:get_exchange_data started!!
INFO:root:get_exchange_data started!!
INFO:root:get_exchange_data started!!
INFO:root:get_exchange_data started!!
INFO:root:get_exchange_data started!!
INFO:root:get_exchange_data started!!
INFO:root:get_exchange_data started!!
INFO:root:get_exchange_data started!!
INFO:root:get_exchange_data started!!
INFO:root:get_exchange_data started!!
INFO:root:get_exchange_data started!!
INFO:root:get_exchange_data started!!
INFO:root:get_exchange_data started!!
INFO:root:get_exchange_data started!!
INFO:root:get_exchange_data started!!
INFO:root:get_exchange_data started!!
INFO:root:get_exchange_data started!!
INFO:root:get_exchange_data started!!
INFO:root:get_exchange_data started!!
INFO:root:get_exchange_data started!!
INFO:root:get_exchange_data started!!
INFO:root:get_exchange_data started!!
INFO:root:get_exchange_data started!!
INFO:root:get_exchange_data started!!
INFO:root:get_exchange_data started!!
INFO:root:get_exchange_data started!!
INFO:root:get_exchange_data started!!
INFO:root:get_exchange_data started!!
INFO:root:get_exchange_data started!!
INFO:root:get_exchange_data started!!
INFO:root:get_exchange_data started!!
INFO:root:get_exchange_data started!!
INFO:root:get_exchange_data started!!
INFO:root:get_exchange_data started!!
INFO:root:get_exchange_data started!!
INFO:root:get_exchange_data started!!
INFO:root:get_exchange_data started!!
INFO:root:get_exchange_data started!!
INFO:root:get_exchange_data started!!
INFO:root:get_exchange_data started!!
INFO:root:get_exchange_data started!!
INFO:root:get_exchange_data started!!
INFO:root:get_exchange_data started!!
INFO:root:get_exchange_data started!!
INFO:root:get_exchange_data started!!
INFO:root:get_exchange_data started!!
INFO:root:get_exchange_data started!!
INFO:root:get_exchange_data started!!
INFO:root:get_exchange_data started!!
INFO:root:get_exchange_data started!!
INFO:root:get_exchange_data started!!
INFO:root:get_exchange_data started!!
INFO:root:get_exchange_data started!!
INFO:root:get_exchange_data started!!
INFO:root:get_exchange_data started!!
INFO:root:get_exchange_data started!!
INFO:root:get_exchange_data started!!
INFO:root:get_exchange_data started!!
INFO:root:get_exchange_data started!!
INFO:root:get_exchange_data started!!
INFO:root:get_exchange_data started!!
INFO:root:get_exchange_data started!!
INFO:root:get_exchange_data started!!
INFO:root:get_exchange_data started!!
INFO:root:get_exchange_data started!!
INFO:root:get_exchange_data started!!
INFO:root:get_exchange_data started!!
INFO:root:get_exchange_data started!!
INFO:root:get_exchange_data started!!
INFO:root:get_exchange_data started!!
INFO:root:get_exchange_data started!!
INFO:root:get_exchange_data started!!
INFO:root:get_exchange_data started!!
INFO:root:get_exchange_data started!!
INFO:root:get_exchange_data started!!
INFO:root:get_exchange_data started!!
INFO:root:get_exchange_data started!!
INFO:root:get_exchange_data started!!
INFO:root:get_exchange_data started!!
INFO:root:get_exchange_data started!!
INFO:root:get_exchange_data started!!
INFO:root:get_exchange_data started!!
INFO:root:get_exchange_data started!!
INFO:root:get_exchange_data started!!
INFO:root:get_exchange_data started!!
INFO:root:get_exchange_data started!!
INFO:root:get_exchange_data started!!
INFO:root:get_exchange_data started!!
INFO:root:get_exchange_data started!!
INFO:root:get_exchange_data started!!
INFO:root:get_exchange_data started!!
INFO:root:get_exchange_data started!!
INFO:root:get_exchange_data started!!
INFO:root:get_exchange_data started!!
INFO:root:get_exchange_data started!!
INFO:root:get_exchange_data started!!
INFO:root:get_exchange_data started!!
INFO:root:get_exchange_data started!!
INFO:root:get_exchange_data started!!
INFO:root:get_exchange_data started!!
INFO:root:get_exchange_data started!!
INFO:root:get_exchange_data started!!
INFO:root:get_exchange_data started!!
INFO:root:get_exchange_data started!!
INFO:root:get_exchange_data started!!
INFO:root:get_exchange_data started!!
INFO:root:get_exchange_data started!!
INFO:root:get_exchange_data started!!
INFO:root:get_exchange_data started!!
INFO:root:get_exchange_data started!!
INFO:root:get_exchange_data started!!
INFO:root:get_exchange_data started!!
INFO:root:get_exchange_data started!!
INFO:root:get_exchange_data started!!
INFO:root:get_exchange_data started!!
INFO:root:get_exchange_data started!!
INFO:root:get_exchange_data started!!
INFO:root:get_exchange_data started!!
INFO:root:get_exchange_data started!!
INFO:root:get_exchange_data started!!
INFO:root:get_exchange_data started!!
INFO:root:get_exchange_data started!!
INFO:root:get_exchange_data started!!
INFO:root:get_exchange_data started!!
INFO:root:get_exchange_data started!!
INFO:root:get_exchange_data started!!
INFO:root:get_exchange_data started!!
INFO:root:get_exchange_data started!!
INFO:root:get_exchange_data started!!
INFO:root:get_exchange_data started!!
INFO:root:get_exchange_data started!!
INFO:root:get_exchange_data started!!
INFO:root:get_exchange_data started!!
INFO:root:get_exchange_data started!!
INFO:root:get_exchange_data started!!
INFO:root:get_exchange_data started!!
INFO:root:get_exchange_data started!!
INFO:root:get_exchange_data started!!
INFO:root:get_exchange_data started!!
INFO:root:get_exchange_data started!!
INFO:root:get_exchange_data started!!
INFO:root:get_exchange_data started!!
INFO:root:get_exchange_data started!!
INFO:root:get_exchange_data started!!
INFO:root:get_exchange_data started!!
INFO:root:get_exchange_data started!!
INFO:root:get_exchange_data started!!
INFO:root:get_exchange_data started!!
INFO:root:get_exchange_data started!!
INFO:root:get_exchange_data started!!
INFO:root:get_exchange_data started!!
INFO:root:get_exchange_data started!!
INFO:root:get_exchange_data started!!
INFO:root:get_exchange_data started!!
INFO:root:get_exchange_data started!!
INFO:root:get_exchange_data started!!
INFO:root:get_exchange_data started!!
INFO:root:get_exchange_data started!!
INFO:root:get_exchange_data started!!
INFO:root:get_exchange_data started!!
INFO:root:get_exchange_data started!!
INFO:root:get_exchange_data started!!
INFO:root:get_exchange_data started!!
INFO:root:get_exchange_data started!!
INFO:root:get_exchange_data started!!
INFO:root:get_exchange_data started!!
INFO:root:get_exchange_data started!!
INFO:root:get_exchange_data started!!
INFO:root:get_exchange_data started!!
INFO:root:get_exchange_data started!!
INFO:root:get_exchange_data started!!
INFO:root:get_exchange_data started!!
INFO:root:get_exchange_data started!!
INFO:root:get_exchange_data started!!
INFO:root:get_exchange_data started!!
INFO:root:get_exchange_data started!!
INFO:root:get_exchange_data started!!
INFO:root:get_exchange_data started!!
INFO:root:get_exchange_data started!!
INFO:root:get_exchange_data started!!
INFO:root:get_exchange_data started!!
INFO:root:get_exchange_data started!!
INFO:root:get_exchange_data started!!
INFO:root:get_exchange_data started!!
INFO:root:get_exchange_data started!!
INFO:root:get_exchange_data started!!
INFO:root:get_exchange_data started!!
INFO:root:get_exchange_data started!!
INFO:root:get_exchange_data started!!
INFO:root:get_exchange_data started!!
INFO:root:get_exchange_data started!!
INFO:root:get_exchange_data started!!
INFO:root:get_exchange_data started!!
INFO:root:get_exchange_data started!!
INFO:root:get_exchange_data started!!
INFO:root:get_exchange_data started!!
INFO:root:get_exchange_data started!!
INFO:root:get_exchange_data started!!
INFO:root:get_exchange_data started!!
INFO:root:get_exchange_data started!!
INFO:root:get_exchange_data started!!
INFO:root:get_exchange_data started!!
INFO:root:get_exchange_data started!!
INFO:root:get_exchange_data started!!
INFO:root:get_exchange_data started!!
INFO:root:get_exchange_data started!!
INFO:root:get_exchange_data started!!
INFO:root:get_exchange_data started!!
INFO:root:get_exchange_data started!!
INFO:root:get_exchange_data started!!
INFO:root:get_exchange_data started!!
INFO:root:get_exchange_data started!!
INFO:root:get_exchange_data started!!
INFO:root:get_exchange_data started!!
INFO:root:get_exchange_data started!!
INFO:root:get_exchange_data started!!
INFO:root:get_exchange_data started!!
INFO:root:get_exchange_data started!!
INFO:root:get_exchange_data started!!
INFO:root:get_exchange_data started!!
INFO:root:get_exchange_data started!!
INFO:root:get_exchange_data started!!
INFO:root:get_exchange_data started!!
ERROR:app:Exception on /gg/binance/2022-02-02 00:00/2024-02-02 00:00 [GET]
Traceback (most recent call last):
  File "/usr/local/lib/python3.9/site-packages/flask/app.py", line 1823, in full_dispatch_request
    rv = self.dispatch_request()
  File "/usr/local/lib/python3.9/site-packages/flask/app.py", line 1799, in dispatch_request
    return self.ensure_sync(self.view_functions[rule.endpoint])(**view_args)
  File "/usr/local/lib/python3.9/site-packages/flask_restx/api.py", line 404, in wrapper
    resp = resource(*args, **kwargs)
  File "/usr/local/lib/python3.9/site-packages/flask/views.py", line 107, in view
    return current_app.ensure_sync(self.dispatch_request)(**kwargs)
  File "/usr/local/lib/python3.9/site-packages/flask_restx/resource.py", line 46, in dispatch_request
    resp = meth(*args, **kwargs)
  File "/desktop/Crypto_ETL/flask/app.py", line 44, in get
    data = get_exchange_data(stockMarket,startTime,endTime)
  File "/desktop/Crypto_ETL/flask/database.py", line 59, in get_exchange_data
    return get_exchange_data("binance",startTime,endTime)
  File "/desktop/Crypto_ETL/flask/database.py", line 59, in get_exchange_data
    return get_exchange_data("binance",startTime,endTime)
  File "/desktop/Crypto_ETL/flask/database.py", line 59, in get_exchange_data
    return get_exchange_data("binance",startTime,endTime)
  [Previous line repeated 963 more times]
  File "/desktop/Crypto_ETL/flask/database.py", line 57, in get_exchange_data
    logging.info("get_exchange_data started!!")
  File "/usr/local/lib/python3.9/logging/__init__.py", line 2097, in info
    root.info(msg, *args, **kwargs)
  File "/usr/local/lib/python3.9/logging/__init__.py", line 1446, in info
    self._log(INFO, msg, args, **kwargs)
  File "/usr/local/lib/python3.9/logging/__init__.py", line 1589, in _log
    self.handle(record)
  File "/usr/local/lib/python3.9/logging/__init__.py", line 1599, in handle
    self.callHandlers(record)
  File "/usr/local/lib/python3.9/logging/__init__.py", line 1661, in callHandlers
    hdlr.handle(record)
  File "/usr/local/lib/python3.9/logging/__init__.py", line 952, in handle
    self.emit(record)
  File "/usr/local/lib/python3.9/logging/__init__.py", line 1187, in emit
    StreamHandler.emit(self, record)
  File "/usr/local/lib/python3.9/logging/__init__.py", line 1083, in emit
    msg = self.format(record)
  File "/usr/local/lib/python3.9/logging/__init__.py", line 927, in format
    return fmt.format(record)
  File "/usr/local/lib/python3.9/logging/__init__.py", line 664, in format
    if self.usesTime():
  File "/usr/local/lib/python3.9/logging/__init__.py", line 632, in usesTime
    return self._style.usesTime()
  File "/usr/local/lib/python3.9/logging/__init__.py", line 422, in usesTime
    return self._fmt.find(self.asctime_search) >= 0
RecursionError: maximum recursion depth exceeded while calling a Python object
INFO:werkzeug:172.17.0.1 - - [08/Mar/2023 01:45:23] "[35m[1mGET /gg/binance/2022-02-02%2000%3A00/2024-02-02%2000%3A00 HTTP/1.1[0m" 500 -
INFO:werkzeug:[31m[1mWARNING: This is a development server. Do not use it in a production deployment. Use a production WSGI server instead.[0m
 * Running on all addresses (0.0.0.0)
 * Running on http://127.0.0.1:8888
 * Running on http://172.17.0.2:8888
INFO:werkzeug:[33mPress CTRL+C to quit[0m
INFO:werkzeug:172.17.0.1 - - [08/Mar/2023 01:47:09] "GET / HTTP/1.1" 200 -
INFO:werkzeug:172.17.0.1 - - [08/Mar/2023 01:47:09] "[36mGET /swaggerui/swagger-ui-bundle.js HTTP/1.1[0m" 304 -
INFO:werkzeug:172.17.0.1 - - [08/Mar/2023 01:47:09] "[36mGET /swaggerui/swagger-ui-standalone-preset.js HTTP/1.1[0m" 304 -
INFO:werkzeug:172.17.0.1 - - [08/Mar/2023 01:47:09] "GET /swagger.json HTTP/1.1" 200 -
INFO:werkzeug:172.17.0.1 - - [08/Mar/2023 01:47:09] "[36mGET /swaggerui/favicon-32x32.png HTTP/1.1[0m" 304 -
INFO:root:get_exchange_data started!!
INFO:root:Mongo database connected!! 
INFO:root:Mongo database disconnected!! 
INFO:werkzeug:172.17.0.1 - - [08/Mar/2023 01:47:21] "GET /gg/binance/2022-02-02%2000%3A00/2024-02-02%2000%3A00 HTTP/1.1" 200 -
INFO:root:get_exchange_data started!!
INFO:root:get_all_exchange_data started!!
INFO:root:Mongo database connected!! 
INFO:root:Mongo database disconnected!! 
INFO:root:Mongo database connected!! 
INFO:root:Mongo database disconnected!! 
INFO:root:Mongo database connected!! 
INFO:root:Mongo database disconnected!! 
INFO:root:get_all_exchange_data finished!!
INFO:werkzeug:172.17.0.1 - - [08/Mar/2023 01:47:30] "GET /gg/all_exchange/2022-02-02%2000%3A00/2024-02-02%2000%3A00 HTTP/1.1" 200 -
INFO:werkzeug:[31m[1mWARNING: This is a development server. Do not use it in a production deployment. Use a production WSGI server instead.[0m
 * Running on all addresses (0.0.0.0)
 * Running on http://127.0.0.1:8888
 * Running on http://172.17.0.2:8888
INFO:werkzeug:[33mPress CTRL+C to quit[0m
INFO:werkzeug:172.17.0.1 - - [08/Mar/2023 01:47:53] "GET / HTTP/1.1" 200 -
INFO:werkzeug:172.17.0.1 - - [08/Mar/2023 01:47:53] "[36mGET /swaggerui/swagger-ui-standalone-preset.js HTTP/1.1[0m" 304 -
INFO:werkzeug:172.17.0.1 - - [08/Mar/2023 01:47:53] "[36mGET /swaggerui/droid-sans.css HTTP/1.1[0m" 304 -
INFO:werkzeug:172.17.0.1 - - [08/Mar/2023 01:47:53] "[36mGET /swaggerui/swagger-ui-bundle.js HTTP/1.1[0m" 304 -
INFO:werkzeug:172.17.0.1 - - [08/Mar/2023 01:47:53] "[36mGET /swaggerui/swagger-ui.css HTTP/1.1[0m" 304 -
INFO:werkzeug:172.17.0.1 - - [08/Mar/2023 01:47:53] "GET /swagger.json HTTP/1.1" 200 -
INFO:werkzeug:172.17.0.1 - - [08/Mar/2023 01:47:53] "[36mGET /swaggerui/favicon-32x32.png HTTP/1.1[0m" 304 -
INFO:root:get_exchange_data started!!
INFO:root:get_all_exchange_data started!!
INFO:root:Mongo database connected!! 
INFO:root:Mongo database disconnected!! 
INFO:root:Mongo database connected!! 
INFO:root:Mongo database disconnected!! 
INFO:root:Mongo database connected!! 
INFO:root:Mongo database disconnected!! 
ERROR:app:Exception on /gg/all_exchange/2022-02-02 00:00/2024-02-02 00:00 [GET]
Traceback (most recent call last):
  File "/usr/local/lib/python3.9/site-packages/flask/app.py", line 1823, in full_dispatch_request
    rv = self.dispatch_request()
  File "/usr/local/lib/python3.9/site-packages/flask/app.py", line 1799, in dispatch_request
    return self.ensure_sync(self.view_functions[rule.endpoint])(**view_args)
  File "/usr/local/lib/python3.9/site-packages/flask_restx/api.py", line 404, in wrapper
    resp = resource(*args, **kwargs)
  File "/usr/local/lib/python3.9/site-packages/flask/views.py", line 107, in view
    return current_app.ensure_sync(self.dispatch_request)(**kwargs)
  File "/usr/local/lib/python3.9/site-packages/flask_restx/resource.py", line 46, in dispatch_request
    resp = meth(*args, **kwargs)
  File "/desktop/Crypto_ETL/flask/app.py", line 44, in get
    data = get_exchange_data(stockMarket,startTime,endTime)
  File "/desktop/Crypto_ETL/flask/database.py", line 65, in get_exchange_data
    return get_all_exchange_data(startTime,endTime)
  File "/desktop/Crypto_ETL/flask/database.py", line 46, in get_all_exchange_data
    time = binance_data["time"]
TypeError: list indices must be integers or slices, not str
INFO:werkzeug:172.17.0.1 - - [08/Mar/2023 01:48:02] "[35m[1mGET /gg/all_exchange/2022-02-02%2000%3A00/2024-02-02%2000%3A00 HTTP/1.1[0m" 500 -
INFO:werkzeug:[31m[1mWARNING: This is a development server. Do not use it in a production deployment. Use a production WSGI server instead.[0m
 * Running on all addresses (0.0.0.0)
 * Running on http://127.0.0.1:8888
 * Running on http://172.17.0.2:8888
INFO:werkzeug:[33mPress CTRL+C to quit[0m
INFO:werkzeug:172.17.0.1 - - [08/Mar/2023 01:49:31] "GET / HTTP/1.1" 200 -
INFO:werkzeug:172.17.0.1 - - [08/Mar/2023 01:49:31] "[36mGET /swaggerui/droid-sans.css HTTP/1.1[0m" 304 -
INFO:werkzeug:172.17.0.1 - - [08/Mar/2023 01:49:31] "[36mGET /swaggerui/swagger-ui.css HTTP/1.1[0m" 304 -
INFO:werkzeug:172.17.0.1 - - [08/Mar/2023 01:49:31] "[36mGET /swaggerui/swagger-ui-bundle.js HTTP/1.1[0m" 304 -
INFO:werkzeug:172.17.0.1 - - [08/Mar/2023 01:49:31] "[36mGET /swaggerui/swagger-ui-standalone-preset.js HTTP/1.1[0m" 304 -
INFO:werkzeug:172.17.0.1 - - [08/Mar/2023 01:49:31] "GET /swagger.json HTTP/1.1" 200 -
INFO:werkzeug:172.17.0.1 - - [08/Mar/2023 01:49:31] "[36mGET /swaggerui/favicon-32x32.png HTTP/1.1[0m" 304 -
INFO:root:get_exchange_data started!!
INFO:root:get_all_exchange_data started!!
INFO:root:Mongo database connected!! 
INFO:root:Mongo database disconnected!! 
INFO:root:Mongo database connected!! 
INFO:root:Mongo database disconnected!! 
INFO:root:Mongo database connected!! 
INFO:root:Mongo database disconnected!! 
ERROR:app:Exception on /gg/all_exchange/2022-02-02 00:00/2024-02-02 00:00 [GET]
Traceback (most recent call last):
  File "/usr/local/lib/python3.9/site-packages/flask/app.py", line 1823, in full_dispatch_request
    rv = self.dispatch_request()
  File "/usr/local/lib/python3.9/site-packages/flask/app.py", line 1799, in dispatch_request
    return self.ensure_sync(self.view_functions[rule.endpoint])(**view_args)
  File "/usr/local/lib/python3.9/site-packages/flask_restx/api.py", line 404, in wrapper
    resp = resource(*args, **kwargs)
  File "/usr/local/lib/python3.9/site-packages/flask/views.py", line 107, in view
    return current_app.ensure_sync(self.dispatch_request)(**kwargs)
  File "/usr/local/lib/python3.9/site-packages/flask_restx/resource.py", line 46, in dispatch_request
    resp = meth(*args, **kwargs)
  File "/desktop/Crypto_ETL/flask/app.py", line 44, in get
    data = get_exchange_data(stockMarket,startTime,endTime)
  File "/desktop/Crypto_ETL/flask/database.py", line 65, in get_exchange_data
    return get_all_exchange_data(startTime,endTime)
  File "/desktop/Crypto_ETL/flask/database.py", line 46, in get_all_exchange_data
    temp_data["time"] = binance_data["time"]
TypeError: list indices must be integers or slices, not str
INFO:werkzeug:172.17.0.1 - - [08/Mar/2023 01:49:43] "[35m[1mGET /gg/all_exchange/2022-02-02%2000%3A00/2024-02-02%2000%3A00 HTTP/1.1[0m" 500 -
INFO:werkzeug:[31m[1mWARNING: This is a development server. Do not use it in a production deployment. Use a production WSGI server instead.[0m
 * Running on all addresses (0.0.0.0)
 * Running on http://127.0.0.1:8888
 * Running on http://172.17.0.2:8888
INFO:werkzeug:[33mPress CTRL+C to quit[0m
INFO:werkzeug:172.17.0.1 - - [08/Mar/2023 01:50:49] "GET / HTTP/1.1" 200 -
INFO:werkzeug:172.17.0.1 - - [08/Mar/2023 01:50:50] "[36mGET /swaggerui/swagger-ui-standalone-preset.js HTTP/1.1[0m" 304 -
INFO:werkzeug:172.17.0.1 - - [08/Mar/2023 01:50:50] "[36mGET /swaggerui/droid-sans.css HTTP/1.1[0m" 304 -
INFO:werkzeug:172.17.0.1 - - [08/Mar/2023 01:50:50] "[36mGET /swaggerui/swagger-ui-bundle.js HTTP/1.1[0m" 304 -
INFO:werkzeug:172.17.0.1 - - [08/Mar/2023 01:50:50] "[36mGET /swaggerui/swagger-ui.css HTTP/1.1[0m" 304 -
INFO:werkzeug:172.17.0.1 - - [08/Mar/2023 01:50:50] "GET /swagger.json HTTP/1.1" 200 -
INFO:werkzeug:172.17.0.1 - - [08/Mar/2023 01:50:50] "[36mGET /swaggerui/favicon-32x32.png HTTP/1.1[0m" 304 -
INFO:root:get_exchange_data started!!
INFO:root:get_all_exchange_data started!!
INFO:root:Mongo database connected!! 
INFO:root:Mongo database disconnected!! 
INFO:root:Mongo database connected!! 
INFO:root:Mongo database disconnected!! 
INFO:root:Mongo database connected!! 
INFO:root:Mongo database disconnected!! 
INFO:root:get_all_exchange_data finished!!
INFO:werkzeug:172.17.0.1 - - [08/Mar/2023 01:51:01] "GET /gg/all_exchange/2022-02-02%2000%3A00/2024-02-02%2000%3A00 HTTP/1.1" 200 -
INFO:root:get_exchange_data started!!
INFO:root:Mongo database connected!! 
INFO:root:Mongo database disconnected!! 
INFO:werkzeug:172.17.0.1 - - [08/Mar/2023 01:51:23] "GET /gg/binance/2022-02-02%2000%3A00/2024-02-02%2000%3A00 HTTP/1.1" 200 -
INFO:root:get_exchange_data started!!
INFO:root:Mongo database connected!! 
INFO:root:Mongo database disconnected!! 
INFO:werkzeug:172.17.0.1 - - [08/Mar/2023 01:51:51] "GET /gg/bybit/2022-02-02%2000%3A00/2024-02-02%2000%3A00 HTTP/1.1" 200 -
INFO:root:get_exchange_data started!!
INFO:root:Mongo database connected!! 
INFO:root:Mongo database disconnected!! 
INFO:werkzeug:172.17.0.1 - - [08/Mar/2023 01:52:06] "GET /gg/bitmex/2022-02-02%2000%3A00/2024-02-02%2000%3A00 HTTP/1.1" 200 -
INFO:root:get_exchange_data started!!
INFO:root:get_all_exchange_data started!!
INFO:root:Mongo database connected!! 
INFO:root:Mongo database disconnected!! 
INFO:root:Mongo database connected!! 
INFO:root:Mongo database disconnected!! 
INFO:root:Mongo database connected!! 
INFO:root:Mongo database disconnected!! 
INFO:root:get_all_exchange_data finished!!
INFO:werkzeug:172.17.0.1 - - [08/Mar/2023 01:52:19] "GET /gg/all_exchange/2022-02-02%2000%3A00/2024-02-02%2000%3A00 HTTP/1.1" 200 -
INFO:root:get_exchange_data started!!
INFO:root:get_all_exchange_data started!!
INFO:root:Mongo database connected!! 
INFO:root:Mongo database disconnected!! 
INFO:root:Mongo database connected!! 
INFO:root:Mongo database disconnected!! 
INFO:root:Mongo database connected!! 
INFO:root:Mongo database disconnected!! 
INFO:root:get_all_exchange_data finished!!
INFO:werkzeug:172.17.0.1 - - [08/Mar/2023 01:53:06] "GET /gg/all_exchange/2022-02-02%2000%3A00/2022-02-02%2000%3A00 HTTP/1.1" 200 -
INFO:root:get_exchange_data started!!
INFO:root:get_all_exchange_data started!!
INFO:root:Mongo database connected!! 
INFO:root:Mongo database disconnected!! 
INFO:root:Mongo database connected!! 
INFO:root:Mongo database disconnected!! 
INFO:root:Mongo database connected!! 
INFO:root:Mongo database disconnected!! 
INFO:root:get_all_exchange_data finished!!
INFO:werkzeug:172.17.0.1 - - [08/Mar/2023 01:53:13] "GET /gg/all_exchange/2022-02-02%2000%3A00/2023-04-02%2000%3A00 HTTP/1.1" 200 -
INFO:root:get_exchange_data started!!
INFO:root:get_all_exchange_data started!!
INFO:root:Mongo database connected!! 
INFO:root:Mongo database disconnected!! 
INFO:root:Mongo database connected!! 
INFO:root:Mongo database disconnected!! 
INFO:root:Mongo database connected!! 
INFO:root:Mongo database disconnected!! 
INFO:root:get_all_exchange_data finished!!
INFO:werkzeug:172.17.0.1 - - [08/Mar/2023 01:53:22] "GET /gg/all_exchange/2022-02-02%2000%3A00/2023-03-07%2016%3A00 HTTP/1.1" 200 -
INFO:root:get_exchange_data started!!
INFO:root:get_all_exchange_data started!!
INFO:root:Mongo database connected!! 
INFO:root:Mongo database disconnected!! 
INFO:root:Mongo database connected!! 
INFO:root:Mongo database disconnected!! 
INFO:root:Mongo database connected!! 
INFO:root:Mongo database disconnected!! 
INFO:root:get_all_exchange_data finished!!
INFO:werkzeug:172.17.0.1 - - [08/Mar/2023 01:53:38] "GET /gg/all_exchange/2022-02-02%2000%3A00/2023-03-07%2015%3A34 HTTP/1.1" 200 -
INFO:werkzeug:[31m[1mWARNING: This is a development server. Do not use it in a production deployment. Use a production WSGI server instead.[0m
 * Running on all addresses (0.0.0.0)
 * Running on http://127.0.0.1:8888
 * Running on http://172.17.0.2:8888
INFO:werkzeug:[33mPress CTRL+C to quit[0m
INFO:werkzeug:172.17.0.1 - - [08/Mar/2023 01:54:17] "GET / HTTP/1.1" 200 -
INFO:werkzeug:172.17.0.1 - - [08/Mar/2023 01:54:17] "[36mGET /swaggerui/droid-sans.css HTTP/1.1[0m" 304 -
INFO:werkzeug:172.17.0.1 - - [08/Mar/2023 01:54:17] "[36mGET /swaggerui/swagger-ui-standalone-preset.js HTTP/1.1[0m" 304 -
INFO:werkzeug:172.17.0.1 - - [08/Mar/2023 01:54:17] "[36mGET /swaggerui/swagger-ui.css HTTP/1.1[0m" 304 -
INFO:werkzeug:172.17.0.1 - - [08/Mar/2023 01:54:17] "[36mGET /swaggerui/swagger-ui-bundle.js HTTP/1.1[0m" 304 -
INFO:werkzeug:172.17.0.1 - - [08/Mar/2023 01:54:17] "GET /swagger.json HTTP/1.1" 200 -
INFO:werkzeug:172.17.0.1 - - [08/Mar/2023 01:54:17] "[36mGET /swaggerui/favicon-32x32.png HTTP/1.1[0m" 304 -
INFO:root:get_exchange_data started!!
INFO:root:get_all_exchange_data started!!
INFO:root:Mongo database connected!! 
INFO:root:Mongo database disconnected!! 
INFO:root:Mongo database connected!! 
INFO:root:Mongo database disconnected!! 
INFO:root:Mongo database connected!! 
INFO:root:Mongo database disconnected!! 
INFO:root:get_all_exchange_data finished!!
INFO:werkzeug:172.17.0.1 - - [08/Mar/2023 01:54:49] "GET /taker_volume/all_exchange/2023-03-07%2015%3A34/2023-03-07%2015%3A34 HTTP/1.1" 200 -
INFO:werkzeug:[31m[1mWARNING: This is a development server. Do not use it in a production deployment. Use a production WSGI server instead.[0m
 * Running on all addresses (0.0.0.0)
 * Running on http://127.0.0.1:8888
 * Running on http://172.17.0.2:8888
INFO:werkzeug:[33mPress CTRL+C to quit[0m
INFO:werkzeug:172.17.0.1 - - [08/Mar/2023 01:56:45] "GET / HTTP/1.1" 200 -
INFO:werkzeug:172.17.0.1 - - [08/Mar/2023 01:56:45] "[36mGET /swaggerui/droid-sans.css HTTP/1.1[0m" 304 -
INFO:werkzeug:172.17.0.1 - - [08/Mar/2023 01:56:45] "[36mGET /swaggerui/swagger-ui.css HTTP/1.1[0m" 304 -
INFO:werkzeug:172.17.0.1 - - [08/Mar/2023 01:56:45] "[36mGET /swaggerui/swagger-ui-bundle.js HTTP/1.1[0m" 304 -
INFO:werkzeug:172.17.0.1 - - [08/Mar/2023 01:56:45] "[36mGET /swaggerui/swagger-ui-standalone-preset.js HTTP/1.1[0m" 304 -
INFO:werkzeug:172.17.0.1 - - [08/Mar/2023 01:56:45] "GET /swagger.json HTTP/1.1" 200 -
INFO:werkzeug:172.17.0.1 - - [08/Mar/2023 01:56:45] "[36mGET /swaggerui/favicon-32x32.png HTTP/1.1[0m" 304 -
INFO:root:get_exchange_data started!!
INFO:root:get_all_exchange_data started!!
INFO:root:Mongo database connected!! 
INFO:root:Mongo database disconnected!! 
INFO:root:Mongo database connected!! 
INFO:root:Mongo database disconnected!! 
INFO:root:Mongo database connected!! 
INFO:root:Mongo database disconnected!! 
INFO:root:get_all_exchange_data finished!!
INFO:werkzeug:172.17.0.1 - - [08/Mar/2023 01:56:53] "GET /taker_volume/all_exchange/2023-03-07%2015%3A34/2023-03-07%2015%3A34 HTTP/1.1" 200 -
INFO:werkzeug:172.17.0.1 - - [08/Mar/2023 01:57:18] "GET / HTTP/1.1" 200 -
INFO:werkzeug:172.17.0.1 - - [08/Mar/2023 01:57:18] "[36mGET /swaggerui/swagger-ui.css HTTP/1.1[0m" 304 -
INFO:werkzeug:172.17.0.1 - - [08/Mar/2023 01:57:18] "[36mGET /swaggerui/droid-sans.css HTTP/1.1[0m" 304 -
INFO:werkzeug:172.17.0.1 - - [08/Mar/2023 01:57:18] "[36mGET /swaggerui/swagger-ui-bundle.js HTTP/1.1[0m" 304 -
INFO:werkzeug:172.17.0.1 - - [08/Mar/2023 01:57:18] "[36mGET /swaggerui/swagger-ui-standalone-preset.js HTTP/1.1[0m" 304 -
INFO:werkzeug:172.17.0.1 - - [08/Mar/2023 01:57:18] "GET /swagger.json HTTP/1.1" 200 -
INFO:werkzeug:172.17.0.1 - - [08/Mar/2023 01:57:18] "[36mGET /swaggerui/favicon-32x32.png HTTP/1.1[0m" 304 -
INFO:root:get_exchange_data started!!
INFO:root:get_all_exchange_data started!!
INFO:root:Mongo database connected!! 
INFO:root:Mongo database disconnected!! 
INFO:root:Mongo database connected!! 
INFO:root:Mongo database disconnected!! 
INFO:root:Mongo database connected!! 
INFO:root:Mongo database disconnected!! 
INFO:root:get_all_exchange_data finished!!
INFO:werkzeug:172.17.0.1 - - [08/Mar/2023 01:57:27] "GET /taker_volume/all_exchange/2023-03-07%2015%3A34/2023-03-07%2015%3A34 HTTP/1.1" 200 -
INFO:werkzeug:[31m[1mWARNING: This is a development server. Do not use it in a production deployment. Use a production WSGI server instead.[0m
 * Running on all addresses (0.0.0.0)
 * Running on http://127.0.0.1:8888
 * Running on http://172.17.0.2:8888
INFO:werkzeug:[33mPress CTRL+C to quit[0m
INFO:werkzeug:172.17.0.1 - - [08/Mar/2023 01:57:37] "GET / HTTP/1.1" 200 -
INFO:werkzeug:172.17.0.1 - - [08/Mar/2023 01:57:37] "[36mGET /swaggerui/swagger-ui-standalone-preset.js HTTP/1.1[0m" 304 -
INFO:werkzeug:172.17.0.1 - - [08/Mar/2023 01:57:37] "[36mGET /swaggerui/swagger-ui-bundle.js HTTP/1.1[0m" 304 -
INFO:werkzeug:172.17.0.1 - - [08/Mar/2023 01:57:37] "[36mGET /swaggerui/swagger-ui.css HTTP/1.1[0m" 304 -
INFO:werkzeug:172.17.0.1 - - [08/Mar/2023 01:57:37] "[36mGET /swaggerui/droid-sans.css HTTP/1.1[0m" 304 -
INFO:werkzeug:172.17.0.1 - - [08/Mar/2023 01:57:37] "GET /swagger.json HTTP/1.1" 200 -
INFO:werkzeug:172.17.0.1 - - [08/Mar/2023 01:57:37] "[36mGET /swaggerui/favicon-32x32.png HTTP/1.1[0m" 304 -
INFO:root:get_exchange_data started!!
INFO:root:get_all_exchange_data started!!
INFO:root:Mongo database connected!! 
INFO:root:Mongo database disconnected!! 
INFO:root:Mongo database connected!! 
INFO:root:Mongo database disconnected!! 
INFO:root:Mongo database connected!! 
INFO:root:Mongo database disconnected!! 
INFO:root:get_all_exchange_data finished!!
INFO:werkzeug:172.17.0.1 - - [08/Mar/2023 01:57:44] "GET /taker_volume/all_exchange/2023-03-07%2015%3A34/2023-03-07%2015%3A34 HTTP/1.1" 200 -
INFO:werkzeug:[31m[1mWARNING: This is a development server. Do not use it in a production deployment. Use a production WSGI server instead.[0m
 * Running on all addresses (0.0.0.0)
 * Running on http://127.0.0.1:8888
 * Running on http://172.17.0.2:8888
INFO:werkzeug:[33mPress CTRL+C to quit[0m
INFO:werkzeug:172.17.0.1 - - [08/Mar/2023 02:20:54] "GET / HTTP/1.1" 200 -
INFO:werkzeug:172.17.0.1 - - [08/Mar/2023 02:20:54] "[36mGET /swaggerui/swagger-ui-bundle.js HTTP/1.1[0m" 304 -
INFO:werkzeug:172.17.0.1 - - [08/Mar/2023 02:20:54] "[36mGET /swaggerui/swagger-ui.css HTTP/1.1[0m" 304 -
INFO:werkzeug:172.17.0.1 - - [08/Mar/2023 02:20:54] "[36mGET /swaggerui/droid-sans.css HTTP/1.1[0m" 304 -
INFO:werkzeug:172.17.0.1 - - [08/Mar/2023 02:20:54] "[36mGET /swaggerui/swagger-ui-standalone-preset.js HTTP/1.1[0m" 304 -
INFO:werkzeug:172.17.0.1 - - [08/Mar/2023 02:20:54] "[36mGET /swaggerui/favicon-32x32.png HTTP/1.1[0m" 304 -
INFO:werkzeug:172.17.0.1 - - [08/Mar/2023 02:20:54] "GET /swagger.json HTTP/1.1" 200 -
INFO:root:get_exchange_data started!!
INFO:root:get_all_exchange_data started!!
INFO:root:Mongo database connected!! 
INFO:root:Mongo database disconnected!! 
INFO:root:Mongo database connected!! 
INFO:root:Mongo database disconnected!! 
INFO:root:Mongo database connected!! 
INFO:root:Mongo database disconnected!! 
INFO:root:get_all_exchange_data finished!!
INFO:werkzeug:172.17.0.1 - - [08/Mar/2023 02:21:04] "GET /taker_volume/all_exchange/2023-03-07%2015%3A34/2023-03-07%2015%3A34 HTTP/1.1" 200 -
INFO:root:get_exchange_data started!!
INFO:root:get_all_exchange_data started!!
INFO:root:Mongo database connected!! 
INFO:root:Mongo database disconnected!! 
INFO:root:Mongo database connected!! 
INFO:root:Mongo database disconnected!! 
INFO:root:Mongo database connected!! 
INFO:root:Mongo database disconnected!! 
INFO:root:get_all_exchange_data finished!!
INFO:werkzeug:172.17.0.1 - - [08/Mar/2023 02:21:13] "GET /taker_volume/all_exchange/2023-03-05%2015%3A34/2023-03-07%2015%3A34 HTTP/1.1" 200 -
INFO:root:get_exchange_data started!!
INFO:root:get_all_exchange_data started!!
INFO:root:Mongo database connected!! 
INFO:root:Mongo database disconnected!! 
INFO:root:Mongo database connected!! 
INFO:root:Mongo database disconnected!! 
INFO:root:Mongo database connected!! 
INFO:root:Mongo database disconnected!! 
INFO:root:get_all_exchange_data finished!!
INFO:werkzeug:172.17.0.1 - - [08/Mar/2023 02:21:18] "GET /taker_volume/all_exchange/2023-03-05%2015%3A34/2023-03-09%2015%3A34 HTTP/1.1" 200 -
INFO:root:get_exchange_data started!!
INFO:root:get_all_exchange_data started!!
INFO:root:Mongo database connected!! 
INFO:root:Mongo database disconnected!! 
INFO:root:Mongo database connected!! 
INFO:root:Mongo database disconnected!! 
INFO:root:Mongo database connected!! 
INFO:root:Mongo database disconnected!! 
INFO:root:get_all_exchange_data finished!!
INFO:werkzeug:172.17.0.1 - - [08/Mar/2023 02:27:36] "GET /taker_volume/all_exchange/2023-03-05%2015%3A34/2023-03-09%2015%3A34 HTTP/1.1" 200 -
INFO:root:get_exchange_data started!!
INFO:root:get_all_exchange_data started!!
INFO:root:Mongo database connected!! 
INFO:root:Mongo database disconnected!! 
INFO:root:Mongo database connected!! 
INFO:root:Mongo database disconnected!! 
INFO:root:Mongo database connected!! 
INFO:root:Mongo database disconnected!! 
INFO:root:get_all_exchange_data finished!!
INFO:werkzeug:172.17.0.1 - - [08/Mar/2023 02:27:37] "GET /taker_volume/all_exchange/2023-03-05%2015%3A34/2023-03-09%2015%3A34 HTTP/1.1" 200 -
INFO:root:get_exchange_data started!!
INFO:root:get_all_exchange_data started!!
INFO:root:Mongo database connected!! 
INFO:root:Mongo database disconnected!! 
INFO:root:Mongo database connected!! 
INFO:root:Mongo database disconnected!! 
INFO:root:Mongo database connected!! 
INFO:root:Mongo database disconnected!! 
INFO:root:get_all_exchange_data finished!!
INFO:werkzeug:172.17.0.1 - - [08/Mar/2023 02:27:53] "GET /taker_volume/all_exchange/2023-03-05%2015%3A34/2023-03-09%2015%3A34 HTTP/1.1" 200 -
INFO:root:get_exchange_data started!!
INFO:root:get_all_exchange_data started!!
INFO:root:Mongo database connected!! 
INFO:root:Mongo database disconnected!! 
INFO:root:Mongo database connected!! 
INFO:root:Mongo database disconnected!! 
INFO:root:Mongo database connected!! 
INFO:root:Mongo database disconnected!! 
INFO:root:get_all_exchange_data finished!!
INFO:werkzeug:172.17.0.1 - - [08/Mar/2023 02:27:56] "GET /taker_volume/all_exchange/2023-03-05%2015%3A34/2023-03-09%2015%3A34 HTTP/1.1" 200 -
INFO:root:get_exchange_data started!!
INFO:root:get_all_exchange_data started!!
INFO:root:Mongo database connected!! 
INFO:root:Mongo database disconnected!! 
INFO:root:Mongo database connected!! 
INFO:root:Mongo database disconnected!! 
INFO:root:Mongo database connected!! 
INFO:root:Mongo database disconnected!! 
INFO:root:get_all_exchange_data finished!!
INFO:werkzeug:172.17.0.1 - - [08/Mar/2023 02:27:59] "GET /taker_volume/all_exchange/2023-03-05%2015%3A34/2023-03-09%2015%3A34 HTTP/1.1" 200 -
INFO:root:get_exchange_data started!!
INFO:root:get_all_exchange_data started!!
INFO:root:Mongo database connected!! 
INFO:root:Mongo database disconnected!! 
INFO:root:Mongo database connected!! 
INFO:root:Mongo database disconnected!! 
INFO:root:Mongo database connected!! 
INFO:root:Mongo database disconnected!! 
INFO:root:get_all_exchange_data finished!!
INFO:werkzeug:172.17.0.1 - - [08/Mar/2023 02:28:00] "GET /taker_volume/all_exchange/2023-03-05%2015%3A34/2023-03-09%2015%3A34 HTTP/1.1" 200 -
INFO:root:get_exchange_data started!!
INFO:root:get_all_exchange_data started!!
INFO:root:Mongo database connected!! 
INFO:root:Mongo database disconnected!! 
INFO:root:Mongo database connected!! 
INFO:root:Mongo database disconnected!! 
INFO:root:Mongo database connected!! 
INFO:root:Mongo database disconnected!! 
INFO:root:get_all_exchange_data finished!!
INFO:werkzeug:172.17.0.1 - - [08/Mar/2023 02:28:01] "GET /taker_volume/all_exchange/2023-03-05%2015%3A34/2023-03-09%2015%3A34 HTTP/1.1" 200 -
INFO:root:get_exchange_data started!!
INFO:root:get_all_exchange_data started!!
INFO:root:Mongo database connected!! 
INFO:root:Mongo database disconnected!! 
INFO:root:Mongo database connected!! 
INFO:root:Mongo database disconnected!! 
INFO:root:Mongo database connected!! 
INFO:root:Mongo database disconnected!! 
INFO:root:get_all_exchange_data finished!!
INFO:werkzeug:172.17.0.1 - - [08/Mar/2023 02:28:02] "GET /taker_volume/all_exchange/2023-03-05%2015%3A34/2023-03-09%2015%3A34 HTTP/1.1" 200 -
INFO:root:get_exchange_data started!!
INFO:root:get_all_exchange_data started!!
INFO:root:Mongo database connected!! 
INFO:root:Mongo database disconnected!! 
INFO:root:Mongo database connected!! 
INFO:root:Mongo database disconnected!! 
INFO:root:Mongo database connected!! 
INFO:root:Mongo database disconnected!! 
INFO:root:get_all_exchange_data finished!!
INFO:werkzeug:172.17.0.1 - - [08/Mar/2023 02:28:02] "GET /taker_volume/all_exchange/2023-03-05%2015%3A34/2023-03-09%2015%3A34 HTTP/1.1" 200 -
INFO:root:get_exchange_data started!!
INFO:root:get_all_exchange_data started!!
INFO:root:Mongo database connected!! 
INFO:root:Mongo database disconnected!! 
INFO:root:Mongo database connected!! 
INFO:root:Mongo database disconnected!! 
INFO:root:Mongo database connected!! 
INFO:root:Mongo database disconnected!! 
INFO:root:get_all_exchange_data finished!!
INFO:werkzeug:172.17.0.1 - - [08/Mar/2023 02:28:10] "GET /taker_volume/all_exchange/2023-03-05%2015%3A34/2023-03-09%2015%3A34 HTTP/1.1" 200 -
INFO:root:get_exchange_data started!!
INFO:root:get_all_exchange_data started!!
INFO:root:Mongo database connected!! 
INFO:root:Mongo database disconnected!! 
INFO:root:Mongo database connected!! 
INFO:root:Mongo database disconnected!! 
INFO:root:Mongo database connected!! 
INFO:root:Mongo database disconnected!! 
INFO:root:get_all_exchange_data finished!!
INFO:werkzeug:172.17.0.1 - - [08/Mar/2023 02:28:12] "GET /taker_volume/all_exchange/2023-03-05%2015%3A34/2023-03-09%2015%3A34 HTTP/1.1" 200 -
INFO:root:get_exchange_data started!!
INFO:root:get_all_exchange_data started!!
INFO:root:Mongo database connected!! 
INFO:root:Mongo database disconnected!! 
INFO:root:Mongo database connected!! 
INFO:root:Mongo database disconnected!! 
INFO:root:Mongo database connected!! 
INFO:root:Mongo database disconnected!! 
INFO:root:get_all_exchange_data finished!!
INFO:werkzeug:172.17.0.1 - - [08/Mar/2023 02:28:12] "GET /taker_volume/all_exchange/2023-03-05%2015%3A34/2023-03-09%2015%3A34 HTTP/1.1" 200 -
INFO:root:get_exchange_data started!!
INFO:root:get_all_exchange_data started!!
INFO:root:Mongo database connected!! 
INFO:root:Mongo database disconnected!! 
INFO:root:Mongo database connected!! 
INFO:root:Mongo database disconnected!! 
INFO:root:Mongo database connected!! 
INFO:root:Mongo database disconnected!! 
INFO:root:get_all_exchange_data finished!!
INFO:werkzeug:172.17.0.1 - - [08/Mar/2023 02:28:13] "GET /taker_volume/all_exchange/2023-03-05%2015%3A34/2023-03-09%2015%3A34 HTTP/1.1" 200 -
INFO:root:get_exchange_data started!!
INFO:root:get_all_exchange_data started!!
INFO:root:Mongo database connected!! 
INFO:root:Mongo database disconnected!! 
INFO:root:Mongo database connected!! 
INFO:root:Mongo database disconnected!! 
INFO:root:Mongo database connected!! 
INFO:root:Mongo database disconnected!! 
INFO:root:get_all_exchange_data finished!!
INFO:werkzeug:172.17.0.1 - - [08/Mar/2023 02:28:14] "GET /taker_volume/all_exchange/2023-03-05%2015%3A34/2023-03-09%2015%3A34 HTTP/1.1" 200 -
INFO:root:get_exchange_data started!!
INFO:root:get_all_exchange_data started!!
INFO:root:Mongo database connected!! 
INFO:root:Mongo database disconnected!! 
INFO:root:Mongo database connected!! 
INFO:root:Mongo database disconnected!! 
INFO:root:Mongo database connected!! 
INFO:root:Mongo database disconnected!! 
INFO:root:get_all_exchange_data finished!!
INFO:werkzeug:172.17.0.1 - - [08/Mar/2023 02:28:14] "GET /taker_volume/all_exchange/2023-03-05%2015%3A34/2023-03-09%2015%3A34 HTTP/1.1" 200 -
INFO:root:get_exchange_data started!!
INFO:root:get_all_exchange_data started!!
INFO:root:Mongo database connected!! 
INFO:root:Mongo database disconnected!! 
INFO:root:Mongo database connected!! 
INFO:root:Mongo database disconnected!! 
INFO:root:Mongo database connected!! 
INFO:root:Mongo database disconnected!! 
INFO:root:get_all_exchange_data finished!!
INFO:werkzeug:172.17.0.1 - - [08/Mar/2023 02:28:15] "GET /taker_volume/all_exchange/2023-03-05%2015%3A34/2023-03-09%2015%3A34 HTTP/1.1" 200 -
INFO:root:get_exchange_data started!!
INFO:root:get_all_exchange_data started!!
INFO:root:Mongo database connected!! 
INFO:root:Mongo database disconnected!! 
INFO:root:Mongo database connected!! 
INFO:root:Mongo database disconnected!! 
INFO:root:Mongo database connected!! 
INFO:root:Mongo database disconnected!! 
INFO:root:get_all_exchange_data finished!!
INFO:werkzeug:172.17.0.1 - - [08/Mar/2023 02:28:16] "GET /taker_volume/all_exchange/2023-03-05%2015%3A34/2023-03-09%2015%3A34 HTTP/1.1" 200 -
INFO:root:get_exchange_data started!!
INFO:root:get_all_exchange_data started!!
INFO:root:Mongo database connected!! 
INFO:root:Mongo database disconnected!! 
INFO:root:Mongo database connected!! 
INFO:root:Mongo database disconnected!! 
INFO:root:Mongo database connected!! 
INFO:root:Mongo database disconnected!! 
INFO:root:get_all_exchange_data finished!!
INFO:werkzeug:172.17.0.1 - - [08/Mar/2023 02:28:17] "GET /taker_volume/all_exchange/2023-03-05%2015%3A34/2023-03-09%2015%3A34 HTTP/1.1" 200 -
INFO:root:get_exchange_data started!!
INFO:root:get_all_exchange_data started!!
INFO:root:Mongo database connected!! 
INFO:root:Mongo database disconnected!! 
INFO:root:Mongo database connected!! 
INFO:root:Mongo database disconnected!! 
INFO:root:Mongo database connected!! 
INFO:root:Mongo database disconnected!! 
INFO:root:get_all_exchange_data finished!!
INFO:werkzeug:172.17.0.1 - - [08/Mar/2023 02:28:17] "GET /taker_volume/all_exchange/2023-03-05%2015%3A34/2023-03-09%2015%3A34 HTTP/1.1" 200 -
INFO:root:get_exchange_data started!!
INFO:root:get_all_exchange_data started!!
INFO:root:Mongo database connected!! 
INFO:root:Mongo database disconnected!! 
INFO:root:Mongo database connected!! 
INFO:root:Mongo database disconnected!! 
INFO:root:Mongo database connected!! 
INFO:root:Mongo database disconnected!! 
INFO:root:get_all_exchange_data finished!!
INFO:werkzeug:172.17.0.1 - - [08/Mar/2023 02:28:20] "GET /taker_volume/all_exchange/2023-03-05%2015%3A34/2023-03-09%2015%3A34 HTTP/1.1" 200 -
INFO:werkzeug:[31m[1mWARNING: This is a development server. Do not use it in a production deployment. Use a production WSGI server instead.[0m
 * Running on all addresses (0.0.0.0)
 * Running on http://127.0.0.1:8888
 * Running on http://172.17.0.2:8888
INFO:werkzeug:[33mPress CTRL+C to quit[0m
INFO:werkzeug:172.17.0.1 - - [08/Mar/2023 06:50:01] "GET / HTTP/1.1" 200 -
INFO:werkzeug:172.17.0.1 - - [08/Mar/2023 06:50:01] "[36mGET /swaggerui/droid-sans.css HTTP/1.1[0m" 304 -
INFO:werkzeug:172.17.0.1 - - [08/Mar/2023 06:50:01] "[36mGET /swaggerui/swagger-ui-standalone-preset.js HTTP/1.1[0m" 304 -
INFO:werkzeug:172.17.0.1 - - [08/Mar/2023 06:50:01] "[36mGET /swaggerui/swagger-ui-bundle.js HTTP/1.1[0m" 304 -
INFO:werkzeug:172.17.0.1 - - [08/Mar/2023 06:50:01] "[36mGET /swaggerui/swagger-ui.css HTTP/1.1[0m" 304 -
INFO:werkzeug:172.17.0.1 - - [08/Mar/2023 06:50:01] "GET /swagger.json HTTP/1.1" 200 -
INFO:werkzeug:172.17.0.1 - - [08/Mar/2023 06:50:01] "[36mGET /swaggerui/favicon-32x32.png HTTP/1.1[0m" 304 -
INFO:werkzeug:[31m[1mWARNING: This is a development server. Do not use it in a production deployment. Use a production WSGI server instead.[0m
 * Running on all addresses (0.0.0.0)
 * Running on http://127.0.0.1:8888
 * Running on http://172.17.0.2:8888
INFO:werkzeug:[33mPress CTRL+C to quit[0m
INFO:werkzeug:172.17.0.1 - - [08/Mar/2023 06:50:54] "GET / HTTP/1.1" 200 -
INFO:werkzeug:172.17.0.1 - - [08/Mar/2023 06:50:54] "[36mGET /swaggerui/swagger-ui-standalone-preset.js HTTP/1.1[0m" 304 -
INFO:werkzeug:172.17.0.1 - - [08/Mar/2023 06:50:54] "[36mGET /swaggerui/swagger-ui-bundle.js HTTP/1.1[0m" 304 -
INFO:werkzeug:172.17.0.1 - - [08/Mar/2023 06:50:54] "[36mGET /swaggerui/droid-sans.css HTTP/1.1[0m" 304 -
INFO:werkzeug:172.17.0.1 - - [08/Mar/2023 06:50:54] "[36mGET /swaggerui/swagger-ui.css HTTP/1.1[0m" 304 -
INFO:werkzeug:172.17.0.1 - - [08/Mar/2023 06:50:54] "GET /swagger.json HTTP/1.1" 200 -
INFO:werkzeug:172.17.0.1 - - [08/Mar/2023 06:50:54] "[36mGET /swaggerui/favicon-32x32.png HTTP/1.1[0m" 304 -
INFO:werkzeug:[31m[1mWARNING: This is a development server. Do not use it in a production deployment. Use a production WSGI server instead.[0m
 * Running on all addresses (0.0.0.0)
 * Running on http://127.0.0.1:8888
 * Running on http://172.17.0.2:8888
INFO:werkzeug:[33mPress CTRL+C to quit[0m
INFO:werkzeug:172.17.0.1 - - [08/Mar/2023 06:53:40] "GET / HTTP/1.1" 200 -
INFO:werkzeug:172.17.0.1 - - [08/Mar/2023 06:53:40] "[36mGET /swaggerui/swagger-ui-bundle.js HTTP/1.1[0m" 304 -
INFO:werkzeug:172.17.0.1 - - [08/Mar/2023 06:53:40] "[36mGET /swaggerui/swagger-ui.css HTTP/1.1[0m" 304 -
INFO:werkzeug:172.17.0.1 - - [08/Mar/2023 06:53:40] "[36mGET /swaggerui/droid-sans.css HTTP/1.1[0m" 304 -
INFO:werkzeug:172.17.0.1 - - [08/Mar/2023 06:53:40] "[36mGET /swaggerui/swagger-ui-standalone-preset.js HTTP/1.1[0m" 304 -
INFO:werkzeug:172.17.0.1 - - [08/Mar/2023 06:53:40] "GET /swagger.json HTTP/1.1" 200 -
INFO:werkzeug:172.17.0.1 - - [08/Mar/2023 06:53:40] "[36mGET /swaggerui/favicon-32x32.png HTTP/1.1[0m" 304 -
INFO:werkzeug:172.17.0.1 - - [08/Mar/2023 06:53:42] "GET / HTTP/1.1" 200 -
INFO:werkzeug:172.17.0.1 - - [08/Mar/2023 06:53:42] "[36mGET /swaggerui/swagger-ui-standalone-preset.js HTTP/1.1[0m" 304 -
INFO:werkzeug:172.17.0.1 - - [08/Mar/2023 06:53:42] "[36mGET /swaggerui/swagger-ui-bundle.js HTTP/1.1[0m" 304 -
INFO:werkzeug:172.17.0.1 - - [08/Mar/2023 06:53:42] "[36mGET /swaggerui/droid-sans.css HTTP/1.1[0m" 304 -
INFO:werkzeug:172.17.0.1 - - [08/Mar/2023 06:53:42] "[36mGET /swaggerui/swagger-ui.css HTTP/1.1[0m" 304 -
INFO:werkzeug:172.17.0.1 - - [08/Mar/2023 06:53:42] "GET /swagger.json HTTP/1.1" 200 -
INFO:werkzeug:172.17.0.1 - - [08/Mar/2023 06:53:42] "[36mGET /swaggerui/favicon-32x32.png HTTP/1.1[0m" 304 -
INFO:werkzeug:[31m[1mWARNING: This is a development server. Do not use it in a production deployment. Use a production WSGI server instead.[0m
 * Running on all addresses (0.0.0.0)
 * Running on http://127.0.0.1:8888
 * Running on http://172.17.0.2:8888
INFO:werkzeug:[33mPress CTRL+C to quit[0m
INFO:werkzeug:172.17.0.1 - - [08/Mar/2023 06:56:06] "GET / HTTP/1.1" 200 -
INFO:werkzeug:172.17.0.1 - - [08/Mar/2023 06:56:06] "[36mGET /swaggerui/droid-sans.css HTTP/1.1[0m" 304 -
INFO:werkzeug:172.17.0.1 - - [08/Mar/2023 06:56:06] "[36mGET /swaggerui/swagger-ui-standalone-preset.js HTTP/1.1[0m" 304 -
INFO:werkzeug:172.17.0.1 - - [08/Mar/2023 06:56:06] "[36mGET /swaggerui/swagger-ui-bundle.js HTTP/1.1[0m" 304 -
INFO:werkzeug:172.17.0.1 - - [08/Mar/2023 06:56:06] "[36mGET /swaggerui/swagger-ui.css HTTP/1.1[0m" 304 -
INFO:werkzeug:172.17.0.1 - - [08/Mar/2023 06:56:06] "GET /swagger.json HTTP/1.1" 200 -
INFO:werkzeug:172.17.0.1 - - [08/Mar/2023 06:56:06] "[36mGET /swaggerui/favicon-32x32.png HTTP/1.1[0m" 304 -
INFO:werkzeug:[31m[1mWARNING: This is a development server. Do not use it in a production deployment. Use a production WSGI server instead.[0m
 * Running on all addresses (0.0.0.0)
 * Running on http://127.0.0.1:8888
 * Running on http://172.17.0.2:8888
INFO:werkzeug:[33mPress CTRL+C to quit[0m
INFO:werkzeug:172.17.0.1 - - [08/Mar/2023 06:58:23] "GET / HTTP/1.1" 200 -
INFO:werkzeug:172.17.0.1 - - [08/Mar/2023 06:58:23] "GET /swaggerui/swagger-ui-standalone-preset.js HTTP/1.1" 200 -
INFO:werkzeug:172.17.0.1 - - [08/Mar/2023 06:58:23] "[36mGET /swaggerui/droid-sans.css HTTP/1.1[0m" 304 -
INFO:werkzeug:172.17.0.1 - - [08/Mar/2023 06:58:23] "[36mGET /swaggerui/swagger-ui.css HTTP/1.1[0m" 304 -
INFO:werkzeug:172.17.0.1 - - [08/Mar/2023 06:58:23] "GET /swaggerui/swagger-ui-bundle.js HTTP/1.1" 200 -
INFO:werkzeug:172.17.0.1 - - [08/Mar/2023 06:58:24] "GET /swagger.json HTTP/1.1" 200 -
INFO:werkzeug:172.17.0.1 - - [08/Mar/2023 06:58:24] "[36mGET /swaggerui/favicon-32x32.png HTTP/1.1[0m" 304 -
INFO:root:get_exchange_data started!!
INFO:root:Mongo database connected!! 
INFO:root:Mongo database disconnected!! 
INFO:werkzeug:172.17.0.1 - - [08/Mar/2023 06:59:49] "GET /taker_volume/binance/2022-03-01%2000%3A00/2025-03-01%2000%3A00 HTTP/1.1" 200 -
INFO:root:get_exchange_data started!!
INFO:root:Mongo database connected!! 
INFO:root:Mongo database disconnected!! 
INFO:werkzeug:172.17.0.1 - - [08/Mar/2023 07:00:10] "GET /taker_volume/binance/2022-03-01%2000%3A00/2025-03-01%2000%3A00 HTTP/1.1" 200 -
INFO:root:get_exchange_data started!!
INFO:root:Mongo database connected!! 
INFO:root:Mongo database disconnected!! 
INFO:werkzeug:172.17.0.1 - - [08/Mar/2023 07:00:14] "GET /taker_volume/binance/2022-03-01%2000%3A00/2025-03-01%2000%3A00 HTTP/1.1" 200 -
INFO:root:get_exchange_data started!!
INFO:root:Mongo database connected!! 
INFO:root:Mongo database disconnected!! 
INFO:werkzeug:172.17.0.1 - - [08/Mar/2023 07:00:24] "GET /taker_volume/binance/2022-03-01%2000%3A00/2025-03-01%2000%3A00 HTTP/1.1" 200 -
INFO:werkzeug:172.17.0.1 - - [08/Mar/2023 07:00:54] "GET / HTTP/1.1" 200 -
INFO:werkzeug:172.17.0.1 - - [08/Mar/2023 07:00:54] "[36mGET /swaggerui/swagger-ui-bundle.js HTTP/1.1[0m" 304 -
INFO:werkzeug:172.17.0.1 - - [08/Mar/2023 07:00:54] "[36mGET /swaggerui/swagger-ui.css HTTP/1.1[0m" 304 -
INFO:werkzeug:172.17.0.1 - - [08/Mar/2023 07:00:54] "[36mGET /swaggerui/droid-sans.css HTTP/1.1[0m" 304 -
INFO:werkzeug:172.17.0.1 - - [08/Mar/2023 07:00:54] "[36mGET /swaggerui/swagger-ui-standalone-preset.js HTTP/1.1[0m" 304 -
INFO:werkzeug:172.17.0.1 - - [08/Mar/2023 07:00:54] "GET /swagger.json HTTP/1.1" 200 -
INFO:werkzeug:172.17.0.1 - - [08/Mar/2023 07:00:54] "[36mGET /swaggerui/favicon-32x32.png HTTP/1.1[0m" 304 -
INFO:werkzeug:172.17.0.1 - - [08/Mar/2023 07:08:27] "[33mGET /taker_volume/all_exchange/2022-03-01%2000%3A00/2022-03-10%2000%3A00/5000 HTTP/1.1[0m" 404 -
INFO:werkzeug:172.17.0.1 - - [08/Mar/2023 07:08:31] "[33mGET /taker_volume/all_exchange/2022-03-01%2000%3A00/2022-03-10%2000%3A00/1000 HTTP/1.1[0m" 404 -
INFO:werkzeug:172.17.0.1 - - [08/Mar/2023 07:08:54] "GET / HTTP/1.1" 200 -
INFO:werkzeug:172.17.0.1 - - [08/Mar/2023 07:08:54] "[36mGET /swaggerui/droid-sans.css HTTP/1.1[0m" 304 -
INFO:werkzeug:172.17.0.1 - - [08/Mar/2023 07:08:54] "[36mGET /swaggerui/swagger-ui.css HTTP/1.1[0m" 304 -
INFO:werkzeug:172.17.0.1 - - [08/Mar/2023 07:08:54] "[36mGET /swaggerui/swagger-ui-standalone-preset.js HTTP/1.1[0m" 304 -
INFO:werkzeug:172.17.0.1 - - [08/Mar/2023 07:08:54] "[36mGET /swaggerui/swagger-ui-bundle.js HTTP/1.1[0m" 304 -
INFO:werkzeug:172.17.0.1 - - [08/Mar/2023 07:08:54] "GET /swagger.json HTTP/1.1" 200 -
INFO:werkzeug:172.17.0.1 - - [08/Mar/2023 07:08:54] "[36mGET /swaggerui/favicon-32x32.png HTTP/1.1[0m" 304 -
INFO:werkzeug:[31m[1mWARNING: This is a development server. Do not use it in a production deployment. Use a production WSGI server instead.[0m
 * Running on all addresses (0.0.0.0)
 * Running on http://127.0.0.1:8888
 * Running on http://172.17.0.2:8888
INFO:werkzeug:[33mPress CTRL+C to quit[0m
INFO:werkzeug:172.17.0.1 - - [08/Mar/2023 07:09:00] "GET / HTTP/1.1" 200 -
INFO:werkzeug:172.17.0.1 - - [08/Mar/2023 07:09:00] "[36mGET /swaggerui/droid-sans.css HTTP/1.1[0m" 304 -
INFO:werkzeug:172.17.0.1 - - [08/Mar/2023 07:09:00] "[36mGET /swaggerui/swagger-ui.css HTTP/1.1[0m" 304 -
INFO:werkzeug:172.17.0.1 - - [08/Mar/2023 07:09:00] "[36mGET /swaggerui/swagger-ui-bundle.js HTTP/1.1[0m" 304 -
INFO:werkzeug:172.17.0.1 - - [08/Mar/2023 07:09:00] "[36mGET /swaggerui/swagger-ui-standalone-preset.js HTTP/1.1[0m" 304 -
INFO:werkzeug:172.17.0.1 - - [08/Mar/2023 07:09:00] "GET /swagger.json HTTP/1.1" 200 -
INFO:werkzeug:172.17.0.1 - - [08/Mar/2023 07:09:00] "[36mGET /swaggerui/favicon-32x32.png HTTP/1.1[0m" 304 -
INFO:werkzeug:172.17.0.1 - - [08/Mar/2023 07:09:16] "[31m[1mGET /taker_volume/all_exchange/2022-03-00%2000%3A00/2022-03-10%2000%3A00/5 HTTP/1.1[0m" 400 -
INFO:werkzeug:172.17.0.1 - - [08/Mar/2023 07:09:41] "[31m[1mGET /taker_volume/all_exchange/2022-03-00%2000%3A00/2022-03-10%2000%3A00/5 HTTP/1.1[0m" 400 -
INFO:werkzeug:172.17.0.1 - - [08/Mar/2023 07:09:42] "[31m[1mGET /taker_volume/all_exchange/2022-03-00%2000%3A00/2022-03-10%2000%3A00/5 HTTP/1.1[0m" 400 -
INFO:root:get_exchange_data started!!
INFO:root:get_all_exchange_data started!!
INFO:root:Mongo database connected!! 
INFO:root:Mongo database disconnected!! 
INFO:root:Mongo database connected!! 
INFO:root:Mongo database disconnected!! 
INFO:root:Mongo database connected!! 
INFO:root:Mongo database disconnected!! 
INFO:root:get_all_exchange_data finished!!
INFO:werkzeug:172.17.0.1 - - [08/Mar/2023 07:09:47] "GET /taker_volume/all_exchange/2022-03-01%2000%3A00/2022-03-10%2000%3A00/5 HTTP/1.1" 200 -
INFO:root:get_exchange_data started!!
INFO:root:get_all_exchange_data started!!
INFO:root:Mongo database connected!! 
INFO:root:Mongo database disconnected!! 
INFO:root:Mongo database connected!! 
INFO:root:Mongo database disconnected!! 
INFO:root:Mongo database connected!! 
INFO:root:Mongo database disconnected!! 
INFO:root:get_all_exchange_data finished!!
INFO:werkzeug:172.17.0.1 - - [08/Mar/2023 07:09:52] "GET /taker_volume/all_exchange/2022-03-01%2000%3A00/2025-03-10%2000%3A00/5 HTTP/1.1" 200 -
INFO:root:get_exchange_data started!!
INFO:root:get_all_exchange_data started!!
INFO:root:Mongo database connected!! 
INFO:root:Mongo database disconnected!! 
INFO:root:Mongo database connected!! 
INFO:root:Mongo database disconnected!! 
INFO:root:Mongo database connected!! 
INFO:root:Mongo database disconnected!! 
INFO:root:get_all_exchange_data finished!!
INFO:werkzeug:172.17.0.1 - - [08/Mar/2023 07:10:04] "GET /taker_volume/all_exchange/2022-03-01%2000%3A00/2025-03-10%2000%3A00/1 HTTP/1.1" 200 -
INFO:root:get_exchange_data started!!
INFO:root:get_all_exchange_data started!!
INFO:root:Mongo database connected!! 
INFO:root:Mongo database disconnected!! 
INFO:root:Mongo database connected!! 
INFO:root:Mongo database disconnected!! 
INFO:root:Mongo database connected!! 
INFO:root:Mongo database disconnected!! 
INFO:root:get_all_exchange_data finished!!
INFO:werkzeug:172.17.0.1 - - [08/Mar/2023 07:10:09] "GET /taker_volume/all_exchange/2022-03-01%2000%3A00/2025-03-10%2000%3A00/1000 HTTP/1.1" 200 -
